2021-Sep-04 14:40:16 PM [TestNG-PoolService-0] DEBUG stepdefinations.Stepdef - initialized chrome
2021-Sep-04 14:40:17 PM [TestNG-PoolService-0] DEBUG stepdefinations.Stepdef - Maximized windows
2021-Sep-04 14:40:18 PM [TestNG-PoolService-0] DEBUG stepdefinations.Stepdef - delete all cookies
2021-Sep-04 14:40:18 PM [TestNG-PoolService-0] DEBUG stepdefinations.Stepdef - Each step hook is executed,screen shots taken
2021-Sep-04 14:40:18 PM [TestNG-PoolService-0] DEBUG stepdefinations.Stepdef - Each step hook is executed,screen shots taken
2021-Sep-04 14:40:36 PM [TestNG-PoolService-0] DEBUG stepdefinations.Stepdef - navigate to the url
2021-Sep-04 14:40:46 PM [TestNG-PoolService-0] DEBUG stepdefinations.Stepdef - clicked ok sign in button
2021-Sep-04 14:40:48 PM [TestNG-PoolService-0] DEBUG stepdefinations.Stepdef - Each step hook is executed,screen shots taken
2021-Sep-04 14:40:48 PM [TestNG-PoolService-0] DEBUG stepdefinations.Stepdef - enter emailsandy123456@gmail.com
2021-Sep-04 14:40:48 PM [TestNG-PoolService-0] DEBUG stepdefinations.Stepdef - enter passwordys@1991
2021-Sep-04 14:40:57 PM [TestNG-PoolService-0] DEBUG stepdefinations.Stepdef - click on submit button
2021-Sep-04 14:41:07 PM [TestNG-PoolService-0] DEBUG stepdefinations.Stepdef - select category T-Shirts
2021-Sep-04 14:41:07 PM [TestNG-PoolService-0] DEBUG stepdefinations.Stepdef - Each step hook is executed,screen shots taken
2021-Sep-04 14:41:19 PM [TestNG-PoolService-0] DEBUG stepdefinations.Stepdef - click on product
2021-Sep-04 14:41:19 PM [TestNG-PoolService-0] DEBUG stepdefinations.Stepdef - Each step hook is executed,screen shots taken
2021-Sep-04 14:41:20 PM [TestNG-PoolService-0] DEBUG stepdefinations.Stepdef - click on Email send to friend link
2021-Sep-04 14:41:20 PM [TestNG-PoolService-0] DEBUG stepdefinations.Stepdef - enter friend name
2021-Sep-04 14:41:20 PM [TestNG-PoolService-0] DEBUG stepdefinations.Stepdef - enter email of friend
2021-Sep-04 14:41:20 PM [TestNG-PoolService-0] DEBUG stepdefinations.Stepdef - click on send button
2021-Sep-04 14:41:20 PM [TestNG-PoolService-0] DEBUG stepdefinations.Stepdef - Each step hook is executed,screen shots taken
2021-Sep-04 14:41:25 PM [TestNG-PoolService-0] DEBUG stepdefinations.Stepdef - open pop up box
2021-Sep-04 14:41:26 PM [TestNG-PoolService-0] DEBUG stepdefinations.Stepdef - click on ok button
2021-Sep-04 14:41:26 PM [TestNG-PoolService-0] DEBUG stepdefinations.Stepdef - Each step hook is executed,screen shots taken
