2021-Sep-03 14:33:55 PM [TestNG-PoolService-2] DEBUG stepdefinations.Stepdef - initialized chrome
2021-Sep-03 14:33:55 PM [TestNG-PoolService-1] DEBUG stepdefinations.Stepdef - initialized chrome
2021-Sep-03 14:33:56 PM [TestNG-PoolService-1] DEBUG stepdefinations.Stepdef - Maximized windows
2021-Sep-03 14:33:56 PM [TestNG-PoolService-2] DEBUG stepdefinations.Stepdef - Maximized windows
2021-Sep-03 14:33:56 PM [TestNG-PoolService-0] DEBUG stepdefinations.Stepdef - initialized chrome
2021-Sep-03 14:33:57 PM [TestNG-PoolService-0] DEBUG stepdefinations.Stepdef - Maximized windows
2021-Sep-03 14:33:57 PM [TestNG-PoolService-1] DEBUG stepdefinations.Stepdef - delete all cookies
2021-Sep-03 14:33:57 PM [TestNG-PoolService-1] DEBUG stepdefinations.Stepdef - Each step hook is executed,screen shots taken
2021-Sep-03 14:33:58 PM [TestNG-PoolService-1] DEBUG stepdefinations.Stepdef - Each step hook is executed,screen shots taken
2021-Sep-03 14:33:58 PM [TestNG-PoolService-2] DEBUG stepdefinations.Stepdef - delete all cookies
2021-Sep-03 14:33:58 PM [TestNG-PoolService-2] DEBUG stepdefinations.Stepdef - Each step hook is executed,screen shots taken
2021-Sep-03 14:33:59 PM [TestNG-PoolService-0] DEBUG stepdefinations.Stepdef - delete all cookies
2021-Sep-03 14:33:59 PM [TestNG-PoolService-0] DEBUG stepdefinations.Stepdef - Each step hook is executed,screen shots taken
2021-Sep-03 14:34:14 PM [TestNG-PoolService-1] DEBUG stepdefinations.Stepdef - navigate to the url
2021-Sep-03 14:34:14 PM [TestNG-PoolService-2] DEBUG stepdefinations.Stepdef - navigate to the url
2021-Sep-03 14:34:15 PM [TestNG-PoolService-0] DEBUG stepdefinations.Stepdef - navigate to the url
2021-Sep-03 14:34:21 PM [TestNG-PoolService-1] DEBUG stepdefinations.Stepdef - clicked ok sign in button
2021-Sep-03 14:34:21 PM [TestNG-PoolService-0] DEBUG stepdefinations.Stepdef - clicked ok sign in button
2021-Sep-03 14:34:22 PM [TestNG-PoolService-0] DEBUG stepdefinations.Stepdef - enter email id
2021-Sep-03 14:34:22 PM [TestNG-PoolService-0] DEBUG stepdefinations.Stepdef - click on create new account button
2021-Sep-03 14:34:22 PM [TestNG-PoolService-0] DEBUG stepdefinations.Stepdef - get title from browser
2021-Sep-03 14:34:22 PM [TestNG-PoolService-2] DEBUG stepdefinations.Stepdef - clicked ok sign in button
2021-Sep-03 14:34:22 PM [TestNG-PoolService-2] DEBUG stepdefinations.Stepdef - enter email id
2021-Sep-03 14:34:22 PM [TestNG-PoolService-2] DEBUG stepdefinations.Stepdef - click on create new account button
2021-Sep-03 14:34:22 PM [TestNG-PoolService-2] DEBUG stepdefinations.Stepdef - get title from browser
2021-Sep-03 14:34:24 PM [TestNG-PoolService-1] DEBUG stepdefinations.Stepdef - Each step hook is executed,screen shots taken
2021-Sep-03 14:34:25 PM [TestNG-PoolService-1] DEBUG stepdefinations.Stepdef - enter email id
2021-Sep-03 14:34:25 PM [TestNG-PoolService-1] DEBUG stepdefinations.Stepdef - click on create new account button
2021-Sep-03 14:34:25 PM [TestNG-PoolService-0] DEBUG stepdefinations.Stepdef - result should be display
2021-Sep-03 14:34:25 PM [TestNG-PoolService-2] DEBUG stepdefinations.Stepdef - result should be display
2021-Sep-03 14:34:25 PM [TestNG-PoolService-1] DEBUG stepdefinations.Stepdef - Each step hook is executed,screen shots taken
2021-Sep-03 14:34:25 PM [TestNG-PoolService-1] DEBUG stepdefinations.Stepdef - get title from browser
2021-Sep-03 14:34:25 PM [TestNG-PoolService-2] DEBUG stepdefinations.Stepdef - Each step hook is executed,screen shots taken
2021-Sep-03 14:34:25 PM [TestNG-PoolService-0] DEBUG stepdefinations.Stepdef - Each step hook is executed,screen shots taken
2021-Sep-03 14:34:27 PM [TestNG-PoolService-2] DEBUG stepdefinations.Stepdef - Each step hook is executed,screen shots taken
2021-Sep-03 14:34:27 PM [TestNG-PoolService-1] DEBUG stepdefinations.Stepdef - result should be display
2021-Sep-03 14:34:28 PM [TestNG-PoolService-1] DEBUG stepdefinations.Stepdef - Each step hook is executed,screen shots taken
2021-Sep-03 14:34:31 PM [TestNG-PoolService-0] DEBUG stepdefinations.Stepdef - initialized chrome
2021-Sep-03 14:34:31 PM [TestNG-PoolService-0] DEBUG stepdefinations.Stepdef - Maximized windows
2021-Sep-03 14:34:32 PM [TestNG-PoolService-2] DEBUG stepdefinations.Stepdef - Each step hook is executed,screen shots taken
2021-Sep-03 14:34:33 PM [TestNG-PoolService-2] DEBUG stepdefinations.Stepdef - Each step hook is executed,screen shots taken
2021-Sep-03 14:34:34 PM [TestNG-PoolService-2] DEBUG stepdefinations.Stepdef - Each step hook is executed,screen shots taken
2021-Sep-03 14:34:34 PM [TestNG-PoolService-2] DEBUG stepdefinations.Stepdef - select state
2021-Sep-03 14:34:34 PM [TestNG-PoolService-2] DEBUG stepdefinations.Stepdef - select country
2021-Sep-03 14:34:35 PM [TestNG-PoolService-0] DEBUG stepdefinations.Stepdef - delete all cookies
2021-Sep-03 14:34:35 PM [TestNG-PoolService-0] DEBUG stepdefinations.Stepdef - Each step hook is executed,screen shots taken
2021-Sep-03 14:34:37 PM [TestNG-PoolService-2] DEBUG stepdefinations.Stepdef - click on register
2021-Sep-03 14:34:37 PM [TestNG-PoolService-2] DEBUG stepdefinations.Stepdef - Each step hook is executed,screen shots taken
2021-Sep-03 14:34:37 PM [TestNG-PoolService-2] DEBUG stepdefinations.Stepdef - Each step hook is executed,screen shots taken
2021-Sep-03 14:34:47 PM [TestNG-PoolService-0] DEBUG stepdefinations.Stepdef - navigate to the url
2021-Sep-03 14:34:52 PM [TestNG-PoolService-0] DEBUG stepdefinations.Stepdef - clicked ok sign in button
2021-Sep-03 14:34:52 PM [TestNG-PoolService-0] DEBUG stepdefinations.Stepdef - enter email id
2021-Sep-03 14:34:53 PM [TestNG-PoolService-0] DEBUG stepdefinations.Stepdef - click on create new account button
2021-Sep-03 14:34:53 PM [TestNG-PoolService-0] DEBUG stepdefinations.Stepdef - get title from browser
