2021-Sep-09 01:41:20 AM [TestNG-PoolService-2] DEBUG stepdefinations.Stepdef - initialized chrome
2021-Sep-09 01:41:20 AM [TestNG-PoolService-3] DEBUG stepdefinations.Stepdef - initialized chrome
2021-Sep-09 01:41:21 AM [TestNG-PoolService-2] DEBUG stepdefinations.Stepdef - Maximized windows
2021-Sep-09 01:41:21 AM [TestNG-PoolService-3] DEBUG stepdefinations.Stepdef - Maximized windows
2021-Sep-09 01:41:24 AM [TestNG-PoolService-0] DEBUG stepdefinations.Stepdef - initialized chrome
2021-Sep-09 01:41:24 AM [TestNG-PoolService-5] DEBUG stepdefinations.Stepdef - initialized chrome
2021-Sep-09 01:41:24 AM [TestNG-PoolService-1] DEBUG stepdefinations.Stepdef - initialized chrome
2021-Sep-09 01:41:24 AM [TestNG-PoolService-4] DEBUG stepdefinations.Stepdef - initialized chrome
2021-Sep-09 01:41:24 AM [TestNG-PoolService-0] DEBUG stepdefinations.Stepdef - Maximized windows
2021-Sep-09 01:41:24 AM [TestNG-PoolService-1] DEBUG stepdefinations.Stepdef - Maximized windows
2021-Sep-09 01:41:24 AM [TestNG-PoolService-5] DEBUG stepdefinations.Stepdef - Maximized windows
2021-Sep-09 01:41:24 AM [TestNG-PoolService-4] DEBUG stepdefinations.Stepdef - Maximized windows
2021-Sep-09 01:41:29 AM [TestNG-PoolService-2] DEBUG stepdefinations.Stepdef - delete all cookies
2021-Sep-09 01:41:29 AM [TestNG-PoolService-2] DEBUG stepdefinations.Stepdef - Each step hook is executed,screen shots taken
2021-Sep-09 01:41:29 AM [TestNG-PoolService-2] DEBUG stepdefinations.Stepdef - Each step hook is executed,screen shots taken
2021-Sep-09 01:41:30 AM [TestNG-PoolService-3] DEBUG stepdefinations.Stepdef - delete all cookies
2021-Sep-09 01:41:30 AM [TestNG-PoolService-3] DEBUG stepdefinations.Stepdef - Each step hook is executed,screen shots taken
2021-Sep-09 01:41:30 AM [TestNG-PoolService-3] DEBUG stepdefinations.Stepdef - Each step hook is executed,screen shots taken
2021-Sep-09 01:41:30 AM [TestNG-PoolService-1] DEBUG stepdefinations.Stepdef - delete all cookies
2021-Sep-09 01:41:30 AM [TestNG-PoolService-1] DEBUG stepdefinations.Stepdef - Each step hook is executed,screen shots taken
2021-Sep-09 01:41:30 AM [TestNG-PoolService-5] DEBUG stepdefinations.Stepdef - delete all cookies
2021-Sep-09 01:41:30 AM [TestNG-PoolService-5] DEBUG stepdefinations.Stepdef - Each step hook is executed,screen shots taken
2021-Sep-09 01:41:30 AM [TestNG-PoolService-4] DEBUG stepdefinations.Stepdef - delete all cookies
2021-Sep-09 01:41:30 AM [TestNG-PoolService-4] DEBUG stepdefinations.Stepdef - Each step hook is executed,screen shots taken
2021-Sep-09 01:41:30 AM [TestNG-PoolService-4] DEBUG stepdefinations.Stepdef - Each step hook is executed,screen shots taken
2021-Sep-09 01:41:31 AM [TestNG-PoolService-0] DEBUG stepdefinations.Stepdef - delete all cookies
2021-Sep-09 01:41:31 AM [TestNG-PoolService-0] DEBUG stepdefinations.Stepdef - Each step hook is executed,screen shots taken
2021-Sep-09 01:41:31 AM [TestNG-PoolService-0] DEBUG stepdefinations.Stepdef - Each step hook is executed,screen shots taken
2021-Sep-09 01:41:52 AM [TestNG-PoolService-2] DEBUG stepdefinations.Stepdef - navigate to the url
2021-Sep-09 01:41:55 AM [TestNG-PoolService-2] DEBUG stepdefinations.Stepdef - clicked ok sign in button
2021-Sep-09 01:41:56 AM [TestNG-PoolService-0] DEBUG stepdefinations.Stepdef - navigate to the url
2021-Sep-09 01:41:56 AM [TestNG-PoolService-4] DEBUG stepdefinations.Stepdef - navigate to the url
2021-Sep-09 01:41:58 AM [TestNG-PoolService-3] DEBUG stepdefinations.Stepdef - navigate to the url
2021-Sep-09 01:42:02 AM [TestNG-PoolService-5] DEBUG stepdefinations.Stepdef - navigate to the url
2021-Sep-09 01:42:02 AM [TestNG-PoolService-1] DEBUG stepdefinations.Stepdef - navigate to the url
2021-Sep-09 01:42:04 AM [TestNG-PoolService-3] DEBUG stepdefinations.Stepdef - clicked ok sign in button
2021-Sep-09 01:42:04 AM [TestNG-PoolService-4] DEBUG stepdefinations.Stepdef - clicked ok sign in button
2021-Sep-09 01:42:06 AM [TestNG-PoolService-0] DEBUG stepdefinations.Stepdef - clicked ok sign in button
2021-Sep-09 01:42:06 AM [TestNG-PoolService-5] DEBUG stepdefinations.Stepdef - clicked ok sign in button
2021-Sep-09 01:42:06 AM [TestNG-PoolService-1] DEBUG stepdefinations.Stepdef - clicked ok sign in button
2021-Sep-09 01:42:10 AM [TestNG-PoolService-1] DEBUG stepdefinations.Stepdef - enter emailicici222@gmail.com
2021-Sep-09 01:42:10 AM [TestNG-PoolService-5] DEBUG stepdefinations.Stepdef - enter email id
2021-Sep-09 01:42:10 AM [TestNG-PoolService-5] DEBUG stepdefinations.Stepdef - click on create new account button
2021-Sep-09 01:42:10 AM [TestNG-PoolService-1] DEBUG stepdefinations.Stepdef - enter passwordnandu2225
2021-Sep-09 01:42:13 AM [TestNG-PoolService-2] DEBUG stepdefinations.Stepdef - Each step hook is executed,screen shots taken
2021-Sep-09 01:42:13 AM [TestNG-PoolService-4] DEBUG stepdefinations.Stepdef - Each step hook is executed,screen shots taken
2021-Sep-09 01:42:13 AM [TestNG-PoolService-0] DEBUG stepdefinations.Stepdef - Each step hook is executed,screen shots taken
2021-Sep-09 01:42:13 AM [TestNG-PoolService-3] DEBUG stepdefinations.Stepdef - Each step hook is executed,screen shots taken
2021-Sep-09 01:42:14 AM [TestNG-PoolService-4] DEBUG stepdefinations.Stepdef - enter email id
2021-Sep-09 01:42:14 AM [TestNG-PoolService-1] DEBUG stepdefinations.Stepdef - click on submit button
2021-Sep-09 01:42:14 AM [TestNG-PoolService-4] DEBUG stepdefinations.Stepdef - click on create new account button
2021-Sep-09 01:42:15 AM [TestNG-PoolService-4] DEBUG stepdefinations.Stepdef - Each step hook is executed,screen shots taken
2021-Sep-09 01:42:15 AM [TestNG-PoolService-5] DEBUG stepdefinations.Stepdef - Each step hook is executed,screen shots taken
2021-Sep-09 01:42:16 AM [TestNG-PoolService-4] DEBUG stepdefinations.Stepdef - Each step hook is executed,screen shots taken
2021-Sep-09 01:42:18 AM [TestNG-PoolService-5] DEBUG stepdefinations.Stepdef - Each step hook is executed,screen shots taken
2021-Sep-09 01:42:20 AM [TestNG-PoolService-5] DEBUG stepdefinations.Stepdef - Each step hook is executed,screen shots taken
2021-Sep-09 01:42:20 AM [TestNG-PoolService-5] DEBUG stepdefinations.Stepdef - Each step hook is executed,screen shots taken
2021-Sep-09 01:42:21 AM [TestNG-PoolService-5] DEBUG stepdefinations.Stepdef - Each step hook is executed,screen shots taken
2021-Sep-09 01:42:22 AM [TestNG-PoolService-5] DEBUG stepdefinations.Stepdef - select state
2021-Sep-09 01:42:22 AM [TestNG-PoolService-5] DEBUG stepdefinations.Stepdef - select country
2021-Sep-09 01:42:27 AM [TestNG-PoolService-5] DEBUG stepdefinations.Stepdef - click on register
2021-Sep-09 01:42:28 AM [TestNG-PoolService-5] DEBUG stepdefinations.Stepdef - Each step hook is executed,screen shots taken
2021-Sep-09 01:42:33 AM [TestNG-PoolService-2] DEBUG stepdefinations.Stepdef - initialized chrome
2021-Sep-09 01:42:33 AM [TestNG-PoolService-2] DEBUG stepdefinations.Stepdef - Maximized windows
2021-Sep-09 01:42:33 AM [TestNG-PoolService-3] DEBUG stepdefinations.Stepdef - initialized chrome
2021-Sep-09 01:42:33 AM [TestNG-PoolService-3] DEBUG stepdefinations.Stepdef - Maximized windows
2021-Sep-09 01:42:34 AM [TestNG-PoolService-0] DEBUG stepdefinations.Stepdef - initialized chrome
2021-Sep-09 01:42:34 AM [TestNG-PoolService-0] DEBUG stepdefinations.Stepdef - Maximized windows
2021-Sep-09 01:42:38 AM [TestNG-PoolService-2] DEBUG stepdefinations.Stepdef - delete all cookies
2021-Sep-09 01:42:38 AM [TestNG-PoolService-2] DEBUG stepdefinations.Stepdef - Each step hook is executed,screen shots taken
2021-Sep-09 01:42:39 AM [TestNG-PoolService-3] DEBUG stepdefinations.Stepdef - delete all cookies
2021-Sep-09 01:42:39 AM [TestNG-PoolService-3] DEBUG stepdefinations.Stepdef - Each step hook is executed,screen shots taken
2021-Sep-09 01:42:39 AM [TestNG-PoolService-0] DEBUG stepdefinations.Stepdef - delete all cookies
2021-Sep-09 01:42:39 AM [TestNG-PoolService-0] DEBUG stepdefinations.Stepdef - Each step hook is executed,screen shots taken
2021-Sep-09 01:42:45 AM [TestNG-PoolService-1] DEBUG stepdefinations.Stepdef - Each step hook is executed,screen shots taken
2021-Sep-09 01:42:52 AM [TestNG-PoolService-2] DEBUG stepdefinations.Stepdef - navigate to the url
2021-Sep-09 01:42:53 AM [TestNG-PoolService-3] DEBUG stepdefinations.Stepdef - navigate to the url
2021-Sep-09 01:42:54 AM [TestNG-PoolService-0] DEBUG stepdefinations.Stepdef - navigate to the url
2021-Sep-09 01:42:55 AM [TestNG-PoolService-2] DEBUG stepdefinations.Stepdef - clicked ok sign in button
2021-Sep-09 01:42:55 AM [TestNG-PoolService-2] DEBUG stepdefinations.Stepdef - enter emailicici222@gmail.com
2021-Sep-09 01:42:55 AM [TestNG-PoolService-2] DEBUG stepdefinations.Stepdef - enter passwordnandu2225
2021-Sep-09 01:43:03 AM [TestNG-PoolService-3] DEBUG stepdefinations.Stepdef - clicked ok sign in button
2021-Sep-09 01:43:03 AM [TestNG-PoolService-3] DEBUG stepdefinations.Stepdef - enter emailicici222@gmail.com
2021-Sep-09 01:43:04 AM [TestNG-PoolService-3] DEBUG stepdefinations.Stepdef - enter passwordnandu2225
2021-Sep-09 01:43:04 AM [TestNG-PoolService-3] DEBUG stepdefinations.Stepdef - Each step hook is executed,screen shots taken
2021-Sep-09 01:43:06 AM [TestNG-PoolService-0] DEBUG stepdefinations.Stepdef - clicked ok sign in button
2021-Sep-09 01:43:07 AM [TestNG-PoolService-2] DEBUG stepdefinations.Stepdef - click on submit button
2021-Sep-09 01:43:07 AM [TestNG-PoolService-0] DEBUG stepdefinations.Stepdef - enter emailicici222@gmail.com
2021-Sep-09 01:43:07 AM [TestNG-PoolService-0] DEBUG stepdefinations.Stepdef - enter passwordnandu2225
2021-Sep-09 01:43:10 AM [TestNG-PoolService-3] DEBUG stepdefinations.Stepdef - click on submit button
2021-Sep-09 01:43:11 AM [TestNG-PoolService-3] DEBUG stepdefinations.Stepdef - Each step hook is executed,screen shots taken
2021-Sep-09 01:43:11 AM [TestNG-PoolService-3] DEBUG stepdefinations.Stepdef - Each step hook is executed,screen shots taken
2021-Sep-09 01:43:15 AM [TestNG-PoolService-2] DEBUG stepdefinations.Stepdef - select category T-Shirts
2021-Sep-09 01:43:15 AM [TestNG-PoolService-2] DEBUG stepdefinations.Stepdef - Each step hook is executed,screen shots taken
2021-Sep-09 01:43:16 AM [TestNG-PoolService-0] DEBUG stepdefinations.Stepdef - click on submit button
2021-Sep-09 01:43:24 AM [TestNG-PoolService-2] DEBUG stepdefinations.Stepdef - click on product
2021-Sep-09 01:43:25 AM [TestNG-PoolService-2] DEBUG stepdefinations.Stepdef - Each step hook is executed,screen shots taken
2021-Sep-09 01:43:25 AM [TestNG-PoolService-2] DEBUG stepdefinations.Stepdef - click on Email send to friend link
2021-Sep-09 01:43:25 AM [TestNG-PoolService-2] DEBUG stepdefinations.Stepdef - enter friend name
2021-Sep-09 01:43:25 AM [TestNG-PoolService-2] DEBUG stepdefinations.Stepdef - enter email of friend
2021-Sep-09 01:43:26 AM [TestNG-PoolService-2] DEBUG stepdefinations.Stepdef - click on send button
2021-Sep-09 01:43:26 AM [TestNG-PoolService-2] DEBUG stepdefinations.Stepdef - Each step hook is executed,screen shots taken
2021-Sep-09 01:43:26 AM [TestNG-PoolService-0] DEBUG stepdefinations.Stepdef - select category T-Shirts
2021-Sep-09 01:43:30 AM [TestNG-PoolService-2] DEBUG stepdefinations.Stepdef - open pop up box
2021-Sep-09 01:43:30 AM [TestNG-PoolService-2] DEBUG stepdefinations.Stepdef - click on ok button
2021-Sep-09 01:43:30 AM [TestNG-PoolService-2] DEBUG stepdefinations.Stepdef - Each step hook is executed,screen shots taken
2021-Sep-09 01:43:36 AM [TestNG-PoolService-0] DEBUG stepdefinations.Stepdef - click on product
2021-Sep-09 01:43:36 AM [TestNG-PoolService-0] DEBUG stepdefinations.Stepdef - Each step hook is executed,screen shots taken
2021-Sep-09 01:43:36 AM [TestNG-PoolService-0] DEBUG stepdefinations.Stepdef - Each step hook is executed,screen shots taken
2021-Sep-09 01:43:37 AM [TestNG-PoolService-0] DEBUG stepdefinations.Stepdef - Each step hook is executed,screen shots taken
2021-Sep-09 01:43:37 AM [TestNG-PoolService-0] DEBUG stepdefinations.Stepdef - Each step hook is executed,screen shots taken
2021-Sep-09 01:43:45 AM [TestNG-PoolService-0] DEBUG stepdefinations.Stepdef - Each step hook is executed,screen shots taken
2021-Sep-09 01:43:51 AM [TestNG-PoolService-0] DEBUG stepdefinations.Stepdef - Each step hook is executed,screen shots taken
