2021-Sep-02 22:40:05 PM [main] DEBUG stepdefinations.Stepdef - initialized chrome
2021-Sep-02 22:40:06 PM [main] DEBUG stepdefinations.Stepdef - Maximized windows
2021-Sep-02 22:40:06 PM [main] DEBUG stepdefinations.Stepdef - delete all cookies
2021-Sep-02 22:40:06 PM [main] DEBUG stepdefinations.Stepdef - Each step hook is executed,screen shots taken
2021-Sep-02 22:40:07 PM [main] DEBUG stepdefinations.Stepdef - Each step hook is executed,screen shots taken
2021-Sep-02 22:40:17 PM [main] DEBUG stepdefinations.Stepdef - navigate to the url
2021-Sep-02 22:40:26 PM [main] DEBUG stepdefinations.Stepdef - clicked ok sign in button
2021-Sep-02 22:40:28 PM [main] DEBUG stepdefinations.Stepdef - Each step hook is executed,screen shots taken
2021-Sep-02 22:40:29 PM [main] DEBUG stepdefinations.Stepdef - enter email id
2021-Sep-02 22:40:29 PM [main] DEBUG stepdefinations.Stepdef - click on create new account button
2021-Sep-02 22:40:29 PM [main] DEBUG stepdefinations.Stepdef - Each step hook is executed,screen shots taken
2021-Sep-02 22:40:29 PM [main] DEBUG stepdefinations.Stepdef - get title from browser
2021-Sep-02 22:40:32 PM [main] DEBUG stepdefinations.Stepdef - result should be display
2021-Sep-02 22:40:32 PM [main] DEBUG stepdefinations.Stepdef - Each step hook is executed,screen shots taken
2021-Sep-02 22:40:40 PM [main] DEBUG stepdefinations.Stepdef - initialized chrome
2021-Sep-02 22:40:41 PM [main] DEBUG stepdefinations.Stepdef - Maximized windows
2021-Sep-02 22:40:41 PM [main] DEBUG stepdefinations.Stepdef - delete all cookies
2021-Sep-02 22:40:41 PM [main] DEBUG stepdefinations.Stepdef - Each step hook is executed,screen shots taken
2021-Sep-02 22:40:51 PM [main] DEBUG stepdefinations.Stepdef - navigate to the url
2021-Sep-02 22:40:56 PM [main] DEBUG stepdefinations.Stepdef - clicked ok sign in button
2021-Sep-02 22:40:57 PM [main] DEBUG stepdefinations.Stepdef - enter email id
2021-Sep-02 22:40:58 PM [main] DEBUG stepdefinations.Stepdef - click on create new account button
2021-Sep-02 22:40:58 PM [main] DEBUG stepdefinations.Stepdef - get title from browser
2021-Sep-02 22:41:01 PM [main] DEBUG stepdefinations.Stepdef - result should be display
2021-Sep-02 22:41:02 PM [main] DEBUG stepdefinations.Stepdef - Each step hook is executed,screen shots taken
2021-Sep-02 22:41:03 PM [main] DEBUG stepdefinations.Stepdef - Each step hook is executed,screen shots taken
2021-Sep-02 22:41:03 PM [main] DEBUG stepdefinations.Stepdef - Each step hook is executed,screen shots taken
2021-Sep-02 22:41:03 PM [main] DEBUG stepdefinations.Stepdef - Each step hook is executed,screen shots taken
2021-Sep-02 22:41:04 PM [main] DEBUG stepdefinations.Stepdef - Each step hook is executed,screen shots taken
2021-Sep-02 22:41:04 PM [main] DEBUG stepdefinations.Stepdef - select state
2021-Sep-02 22:41:04 PM [main] DEBUG stepdefinations.Stepdef - select country
2021-Sep-02 22:41:06 PM [main] DEBUG stepdefinations.Stepdef - click on register
2021-Sep-02 22:41:07 PM [main] DEBUG stepdefinations.Stepdef - Each step hook is executed,screen shots taken
2021-Sep-02 22:41:37 PM [main] DEBUG stepdefinations.Stepdef - Each step hook is executed,screen shots taken
