2021-Sep-09 01:21:12 AM [TestNG-PoolService-0] DEBUG stepdefinations.Stepdef - initialized chrome
2021-Sep-09 01:21:12 AM [TestNG-PoolService-4] DEBUG stepdefinations.Stepdef - initialized chrome
2021-Sep-09 01:21:12 AM [TestNG-PoolService-0] DEBUG stepdefinations.Stepdef - Maximized windows
2021-Sep-09 01:21:12 AM [TestNG-PoolService-4] DEBUG stepdefinations.Stepdef - Maximized windows
2021-Sep-09 01:21:18 AM [TestNG-PoolService-1] DEBUG stepdefinations.Stepdef - initialized chrome
2021-Sep-09 01:21:18 AM [TestNG-PoolService-5] DEBUG stepdefinations.Stepdef - initialized chrome
2021-Sep-09 01:21:18 AM [TestNG-PoolService-2] DEBUG stepdefinations.Stepdef - initialized chrome
2021-Sep-09 01:21:19 AM [TestNG-PoolService-5] DEBUG stepdefinations.Stepdef - Maximized windows
2021-Sep-09 01:21:20 AM [TestNG-PoolService-1] DEBUG stepdefinations.Stepdef - Maximized windows
2021-Sep-09 01:21:21 AM [TestNG-PoolService-3] DEBUG stepdefinations.Stepdef - initialized chrome
2021-Sep-09 01:21:21 AM [TestNG-PoolService-3] DEBUG stepdefinations.Stepdef - Maximized windows
2021-Sep-09 01:21:22 AM [TestNG-PoolService-2] DEBUG stepdefinations.Stepdef - Maximized windows
2021-Sep-09 01:21:23 AM [TestNG-PoolService-4] DEBUG stepdefinations.Stepdef - delete all cookies
2021-Sep-09 01:21:23 AM [TestNG-PoolService-4] DEBUG stepdefinations.Stepdef - Each step hook is executed,screen shots taken
2021-Sep-09 01:21:23 AM [TestNG-PoolService-0] DEBUG stepdefinations.Stepdef - delete all cookies
2021-Sep-09 01:21:23 AM [TestNG-PoolService-0] DEBUG stepdefinations.Stepdef - Each step hook is executed,screen shots taken
2021-Sep-09 01:21:23 AM [TestNG-PoolService-4] DEBUG stepdefinations.Stepdef - Each step hook is executed,screen shots taken
2021-Sep-09 01:21:23 AM [TestNG-PoolService-0] DEBUG stepdefinations.Stepdef - Each step hook is executed,screen shots taken
2021-Sep-09 01:21:28 AM [TestNG-PoolService-5] DEBUG stepdefinations.Stepdef - delete all cookies
2021-Sep-09 01:21:28 AM [TestNG-PoolService-5] DEBUG stepdefinations.Stepdef - Each step hook is executed,screen shots taken
2021-Sep-09 01:21:32 AM [TestNG-PoolService-1] DEBUG stepdefinations.Stepdef - delete all cookies
2021-Sep-09 01:21:32 AM [TestNG-PoolService-1] DEBUG stepdefinations.Stepdef - Each step hook is executed,screen shots taken
2021-Sep-09 01:21:44 AM [TestNG-PoolService-2] DEBUG stepdefinations.Stepdef - delete all cookies
2021-Sep-09 01:21:44 AM [TestNG-PoolService-2] DEBUG stepdefinations.Stepdef - Each step hook is executed,screen shots taken
2021-Sep-09 01:21:44 AM [TestNG-PoolService-2] DEBUG stepdefinations.Stepdef - Each step hook is executed,screen shots taken
2021-Sep-09 01:21:46 AM [TestNG-PoolService-3] DEBUG stepdefinations.Stepdef - delete all cookies
2021-Sep-09 01:21:46 AM [TestNG-PoolService-3] DEBUG stepdefinations.Stepdef - Each step hook is executed,screen shots taken
2021-Sep-09 01:21:46 AM [TestNG-PoolService-3] DEBUG stepdefinations.Stepdef - Each step hook is executed,screen shots taken
2021-Sep-09 01:22:01 AM [TestNG-PoolService-0] DEBUG stepdefinations.Stepdef - navigate to the url
2021-Sep-09 01:22:01 AM [TestNG-PoolService-1] DEBUG stepdefinations.Stepdef - navigate to the url
2021-Sep-09 01:22:07 AM [TestNG-PoolService-4] DEBUG stepdefinations.Stepdef - navigate to the url
2021-Sep-09 01:22:08 AM [TestNG-PoolService-5] DEBUG stepdefinations.Stepdef - navigate to the url
2021-Sep-09 01:22:11 AM [TestNG-PoolService-1] DEBUG stepdefinations.Stepdef - clicked ok sign in button
2021-Sep-09 01:22:12 AM [TestNG-PoolService-0] DEBUG stepdefinations.Stepdef - clicked ok sign in button
2021-Sep-09 01:22:13 AM [TestNG-PoolService-5] DEBUG stepdefinations.Stepdef - clicked ok sign in button
2021-Sep-09 01:22:14 AM [TestNG-PoolService-4] DEBUG stepdefinations.Stepdef - clicked ok sign in button
2021-Sep-09 01:22:19 AM [TestNG-PoolService-2] DEBUG stepdefinations.Stepdef - navigate to the url
2021-Sep-09 01:22:21 AM [TestNG-PoolService-0] DEBUG stepdefinations.Stepdef - Each step hook is executed,screen shots taken
2021-Sep-09 01:22:22 AM [TestNG-PoolService-4] DEBUG stepdefinations.Stepdef - Each step hook is executed,screen shots taken
2021-Sep-09 01:22:26 AM [TestNG-PoolService-1] DEBUG stepdefinations.Stepdef - enter emailicici108@gmail.com
2021-Sep-09 01:22:26 AM [TestNG-PoolService-4] DEBUG stepdefinations.Stepdef - enter email id
2021-Sep-09 01:22:26 AM [TestNG-PoolService-5] DEBUG stepdefinations.Stepdef - enter email id
2021-Sep-09 01:22:26 AM [TestNG-PoolService-1] DEBUG stepdefinations.Stepdef - enter passwordnandu2225
2021-Sep-09 01:22:27 AM [TestNG-PoolService-2] DEBUG stepdefinations.Stepdef - clicked ok sign in button
2021-Sep-09 01:22:27 AM [TestNG-PoolService-4] DEBUG stepdefinations.Stepdef - click on create new account button
2021-Sep-09 01:22:28 AM [TestNG-PoolService-4] DEBUG stepdefinations.Stepdef - Each step hook is executed,screen shots taken
2021-Sep-09 01:22:28 AM [TestNG-PoolService-5] DEBUG stepdefinations.Stepdef - click on create new account button
2021-Sep-09 01:22:28 AM [TestNG-PoolService-2] DEBUG stepdefinations.Stepdef - Each step hook is executed,screen shots taken
2021-Sep-09 01:22:32 AM [TestNG-PoolService-1] DEBUG stepdefinations.Stepdef - click on submit button
2021-Sep-09 01:22:39 AM [TestNG-PoolService-3] DEBUG stepdefinations.Stepdef - navigate to the url
2021-Sep-09 01:22:41 AM [TestNG-PoolService-2] DEBUG stepdefinations.Stepdef - initialized chrome
2021-Sep-09 01:22:41 AM [TestNG-PoolService-0] DEBUG stepdefinations.Stepdef - initialized chrome
2021-Sep-09 01:22:41 AM [TestNG-PoolService-2] DEBUG stepdefinations.Stepdef - Maximized windows
2021-Sep-09 01:22:41 AM [TestNG-PoolService-0] DEBUG stepdefinations.Stepdef - Maximized windows
2021-Sep-09 01:22:44 AM [TestNG-PoolService-3] DEBUG stepdefinations.Stepdef - clicked ok sign in button
2021-Sep-09 01:22:46 AM [TestNG-PoolService-3] DEBUG stepdefinations.Stepdef - Each step hook is executed,screen shots taken
2021-Sep-09 01:22:48 AM [TestNG-PoolService-1] DEBUG stepdefinations.Stepdef - select category T-Shirts
2021-Sep-09 01:22:52 AM [TestNG-PoolService-2] DEBUG stepdefinations.Stepdef - delete all cookies
2021-Sep-09 01:22:52 AM [TestNG-PoolService-2] DEBUG stepdefinations.Stepdef - Each step hook is executed,screen shots taken
2021-Sep-09 01:22:55 AM [TestNG-PoolService-3] DEBUG stepdefinations.Stepdef - initialized chrome
2021-Sep-09 01:22:55 AM [TestNG-PoolService-3] DEBUG stepdefinations.Stepdef - Maximized windows
2021-Sep-09 01:22:58 AM [TestNG-PoolService-1] DEBUG stepdefinations.Stepdef - click on product
2021-Sep-09 01:22:59 AM [TestNG-PoolService-1] DEBUG stepdefinations.Stepdef - Each step hook is executed,screen shots taken
2021-Sep-09 01:22:59 AM [TestNG-PoolService-4] DEBUG stepdefinations.Stepdef - Each step hook is executed,screen shots taken
2021-Sep-09 01:22:59 AM [TestNG-PoolService-5] DEBUG stepdefinations.Stepdef - Each step hook is executed,screen shots taken
2021-Sep-09 01:23:00 AM [TestNG-PoolService-1] DEBUG stepdefinations.Stepdef - Each step hook is executed,screen shots taken
2021-Sep-09 01:23:00 AM [TestNG-PoolService-1] DEBUG stepdefinations.Stepdef - Each step hook is executed,screen shots taken
2021-Sep-09 01:23:05 AM [TestNG-PoolService-0] DEBUG stepdefinations.Stepdef - delete all cookies
2021-Sep-09 01:23:05 AM [TestNG-PoolService-0] DEBUG stepdefinations.Stepdef - Each step hook is executed,screen shots taken
2021-Sep-09 01:23:08 AM [TestNG-PoolService-3] DEBUG stepdefinations.Stepdef - delete all cookies
2021-Sep-09 01:23:08 AM [TestNG-PoolService-3] DEBUG stepdefinations.Stepdef - Each step hook is executed,screen shots taken
2021-Sep-09 01:23:13 AM [TestNG-PoolService-2] DEBUG stepdefinations.Stepdef - navigate to the url
2021-Sep-09 01:23:18 AM [TestNG-PoolService-0] DEBUG stepdefinations.Stepdef - navigate to the url
2021-Sep-09 01:23:23 AM [TestNG-PoolService-3] DEBUG stepdefinations.Stepdef - navigate to the url
2021-Sep-09 01:23:24 AM [TestNG-PoolService-2] DEBUG stepdefinations.Stepdef - clicked ok sign in button
2021-Sep-09 01:23:24 AM [TestNG-PoolService-2] DEBUG stepdefinations.Stepdef - enter emailicici108@gmail.com
2021-Sep-09 01:23:24 AM [TestNG-PoolService-2] DEBUG stepdefinations.Stepdef - enter passwordnandu2225
2021-Sep-09 01:23:27 AM [TestNG-PoolService-0] DEBUG stepdefinations.Stepdef - clicked ok sign in button
2021-Sep-09 01:23:27 AM [TestNG-PoolService-0] DEBUG stepdefinations.Stepdef - enter emailicici108@gmail.com
2021-Sep-09 01:23:27 AM [TestNG-PoolService-0] DEBUG stepdefinations.Stepdef - enter passwordnandu2225
2021-Sep-09 01:23:33 AM [TestNG-PoolService-3] DEBUG stepdefinations.Stepdef - clicked ok sign in button
2021-Sep-09 01:23:33 AM [TestNG-PoolService-3] DEBUG stepdefinations.Stepdef - enter emailicici108@gmail.com
2021-Sep-09 01:23:33 AM [TestNG-PoolService-3] DEBUG stepdefinations.Stepdef - enter passwordnandu2225
2021-Sep-09 01:23:34 AM [TestNG-PoolService-3] DEBUG stepdefinations.Stepdef - Each step hook is executed,screen shots taken
2021-Sep-09 01:23:37 AM [TestNG-PoolService-2] DEBUG stepdefinations.Stepdef - click on submit button
2021-Sep-09 01:23:42 AM [TestNG-PoolService-0] DEBUG stepdefinations.Stepdef - click on submit button
2021-Sep-09 01:23:48 AM [TestNG-PoolService-3] DEBUG stepdefinations.Stepdef - click on submit button
2021-Sep-09 01:23:48 AM [TestNG-PoolService-3] DEBUG stepdefinations.Stepdef - Each step hook is executed,screen shots taken
2021-Sep-09 01:23:49 AM [TestNG-PoolService-3] DEBUG stepdefinations.Stepdef - Each step hook is executed,screen shots taken
2021-Sep-09 01:23:49 AM [TestNG-PoolService-2] DEBUG stepdefinations.Stepdef - select category T-Shirts
2021-Sep-09 01:23:50 AM [TestNG-PoolService-2] DEBUG stepdefinations.Stepdef - Each step hook is executed,screen shots taken
2021-Sep-09 01:23:56 AM [TestNG-PoolService-0] DEBUG stepdefinations.Stepdef - select category T-Shirts
2021-Sep-09 01:24:08 AM [TestNG-PoolService-0] DEBUG stepdefinations.Stepdef - click on product
2021-Sep-09 01:24:08 AM [TestNG-PoolService-0] DEBUG stepdefinations.Stepdef - Each step hook is executed,screen shots taken
2021-Sep-09 01:24:08 AM [TestNG-PoolService-2] DEBUG stepdefinations.Stepdef - click on product
2021-Sep-09 01:24:09 AM [TestNG-PoolService-2] DEBUG stepdefinations.Stepdef - Each step hook is executed,screen shots taken
2021-Sep-09 01:24:09 AM [TestNG-PoolService-2] DEBUG stepdefinations.Stepdef - click on Email send to friend link
2021-Sep-09 01:24:10 AM [TestNG-PoolService-2] DEBUG stepdefinations.Stepdef - enter friend name
2021-Sep-09 01:24:10 AM [TestNG-PoolService-0] DEBUG stepdefinations.Stepdef - Each step hook is executed,screen shots taken
2021-Sep-09 01:24:10 AM [TestNG-PoolService-2] DEBUG stepdefinations.Stepdef - enter email of friend
2021-Sep-09 01:24:10 AM [TestNG-PoolService-2] DEBUG stepdefinations.Stepdef - click on send button
2021-Sep-09 01:24:10 AM [TestNG-PoolService-2] DEBUG stepdefinations.Stepdef - Each step hook is executed,screen shots taken
2021-Sep-09 01:24:11 AM [TestNG-PoolService-0] DEBUG stepdefinations.Stepdef - Each step hook is executed,screen shots taken
2021-Sep-09 01:24:11 AM [TestNG-PoolService-0] DEBUG stepdefinations.Stepdef - Each step hook is executed,screen shots taken
2021-Sep-09 01:24:12 AM [TestNG-PoolService-2] DEBUG stepdefinations.Stepdef - open pop up box
2021-Sep-09 01:24:12 AM [TestNG-PoolService-2] DEBUG stepdefinations.Stepdef - click on ok button
2021-Sep-09 01:24:12 AM [TestNG-PoolService-2] DEBUG stepdefinations.Stepdef - Each step hook is executed,screen shots taken
2021-Sep-09 01:24:14 AM [TestNG-PoolService-0] DEBUG stepdefinations.Stepdef - Each step hook is executed,screen shots taken
2021-Sep-09 01:24:16 AM [TestNG-PoolService-0] DEBUG stepdefinations.Stepdef - Each step hook is executed,screen shots taken
