2021-Sep-04 16:58:41 PM [TestNG-PoolService-2] DEBUG stepdefinations.Stepdef - initialized chrome
2021-Sep-04 16:58:41 PM [TestNG-PoolService-1] DEBUG stepdefinations.Stepdef - initialized chrome
2021-Sep-04 16:58:41 PM [TestNG-PoolService-3] DEBUG stepdefinations.Stepdef - initialized chrome
2021-Sep-04 16:58:42 PM [TestNG-PoolService-3] DEBUG stepdefinations.Stepdef - Maximized windows
2021-Sep-04 16:58:42 PM [TestNG-PoolService-2] DEBUG stepdefinations.Stepdef - Maximized windows
2021-Sep-04 16:58:42 PM [TestNG-PoolService-1] DEBUG stepdefinations.Stepdef - Maximized windows
2021-Sep-04 16:58:46 PM [TestNG-PoolService-0] DEBUG stepdefinations.Stepdef - initialized chrome
2021-Sep-04 16:58:46 PM [TestNG-PoolService-0] DEBUG stepdefinations.Stepdef - Maximized windows
2021-Sep-04 16:58:48 PM [TestNG-PoolService-3] DEBUG stepdefinations.Stepdef - delete all cookies
2021-Sep-04 16:58:48 PM [TestNG-PoolService-3] DEBUG stepdefinations.Stepdef - Each step hook is executed,screen shots taken
2021-Sep-04 16:58:48 PM [TestNG-PoolService-2] DEBUG stepdefinations.Stepdef - delete all cookies
2021-Sep-04 16:58:48 PM [TestNG-PoolService-2] DEBUG stepdefinations.Stepdef - Each step hook is executed,screen shots taken
2021-Sep-04 16:58:48 PM [TestNG-PoolService-1] DEBUG stepdefinations.Stepdef - delete all cookies
2021-Sep-04 16:58:48 PM [TestNG-PoolService-1] DEBUG stepdefinations.Stepdef - Each step hook is executed,screen shots taken
2021-Sep-04 16:58:48 PM [TestNG-PoolService-1] DEBUG stepdefinations.Stepdef - Each step hook is executed,screen shots taken
2021-Sep-04 16:58:48 PM [TestNG-PoolService-2] DEBUG stepdefinations.Stepdef - Each step hook is executed,screen shots taken
2021-Sep-04 16:58:53 PM [TestNG-PoolService-0] DEBUG stepdefinations.Stepdef - delete all cookies
2021-Sep-04 16:58:53 PM [TestNG-PoolService-0] DEBUG stepdefinations.Stepdef - Each step hook is executed,screen shots taken
2021-Sep-04 16:58:53 PM [TestNG-PoolService-0] DEBUG stepdefinations.Stepdef - Each step hook is executed,screen shots taken
2021-Sep-04 16:59:19 PM [TestNG-PoolService-2] DEBUG stepdefinations.Stepdef - navigate to the url
2021-Sep-04 16:59:19 PM [TestNG-PoolService-1] DEBUG stepdefinations.Stepdef - navigate to the url
2021-Sep-04 16:59:19 PM [TestNG-PoolService-3] DEBUG stepdefinations.Stepdef - navigate to the url
2021-Sep-04 16:59:23 PM [TestNG-PoolService-0] DEBUG stepdefinations.Stepdef - navigate to the url
2021-Sep-04 16:59:25 PM [TestNG-PoolService-0] DEBUG stepdefinations.Stepdef - clicked ok sign in button
2021-Sep-04 16:59:25 PM [TestNG-PoolService-0] DEBUG stepdefinations.Stepdef - Each step hook is executed,screen shots taken
2021-Sep-04 16:59:26 PM [TestNG-PoolService-2] DEBUG stepdefinations.Stepdef - clicked ok sign in button
2021-Sep-04 16:59:26 PM [TestNG-PoolService-2] DEBUG stepdefinations.Stepdef - Each step hook is executed,screen shots taken
2021-Sep-04 16:59:35 PM [TestNG-PoolService-3] DEBUG stepdefinations.Stepdef - clicked ok sign in button
2021-Sep-04 16:59:35 PM [TestNG-PoolService-1] DEBUG stepdefinations.Stepdef - clicked ok sign in button
2021-Sep-04 16:59:35 PM [TestNG-PoolService-3] DEBUG stepdefinations.Stepdef - enter email id
2021-Sep-04 16:59:35 PM [TestNG-PoolService-3] DEBUG stepdefinations.Stepdef - click on create new account button
2021-Sep-04 16:59:36 PM [TestNG-PoolService-3] DEBUG stepdefinations.Stepdef - get title from browser
2021-Sep-04 16:59:36 PM [TestNG-PoolService-1] DEBUG stepdefinations.Stepdef - Each step hook is executed,screen shots taken
2021-Sep-04 16:59:37 PM [TestNG-PoolService-1] DEBUG stepdefinations.Stepdef - enter emailsandy123456@gmail.com
2021-Sep-04 16:59:37 PM [TestNG-PoolService-1] DEBUG stepdefinations.Stepdef - enter passwordys@1991
2021-Sep-04 16:59:37 PM [TestNG-PoolService-1] DEBUG stepdefinations.Stepdef - Each step hook is executed,screen shots taken
2021-Sep-04 16:59:37 PM [TestNG-PoolService-1] DEBUG stepdefinations.Stepdef - click on submit button
2021-Sep-04 16:59:38 PM [TestNG-PoolService-1] DEBUG stepdefinations.Stepdef - Each step hook is executed,screen shots taken
2021-Sep-04 16:59:50 PM [TestNG-PoolService-0] DEBUG stepdefinations.Stepdef - enter emailshrayash2225@gmail.com
2021-Sep-04 16:59:50 PM [TestNG-PoolService-0] DEBUG stepdefinations.Stepdef - enter passwordyash@1996
2021-Sep-04 16:59:57 PM [TestNG-PoolService-2] DEBUG stepdefinations.Stepdef - Each step hook is executed,screen shots taken
2021-Sep-04 17:00:03 PM [TestNG-PoolService-0] DEBUG stepdefinations.Stepdef - click on submit button
2021-Sep-04 17:00:06 PM [TestNG-PoolService-3] DEBUG stepdefinations.Stepdef - Each step hook is executed,screen shots taken
2021-Sep-04 17:00:08 PM [TestNG-PoolService-1] DEBUG stepdefinations.Stepdef - Each step hook is executed,screen shots taken
2021-Sep-04 17:00:13 PM [TestNG-PoolService-0] DEBUG stepdefinations.Stepdef - select category T-Shirts
2021-Sep-04 17:00:13 PM [TestNG-PoolService-0] DEBUG stepdefinations.Stepdef - Each step hook is executed,screen shots taken
2021-Sep-04 17:00:20 PM [TestNG-PoolService-0] DEBUG stepdefinations.Stepdef - click on product
2021-Sep-04 17:00:20 PM [TestNG-PoolService-0] DEBUG stepdefinations.Stepdef - Each step hook is executed,screen shots taken
2021-Sep-04 17:00:21 PM [TestNG-PoolService-0] DEBUG stepdefinations.Stepdef - click on Email send to friend link
2021-Sep-04 17:00:21 PM [TestNG-PoolService-0] DEBUG stepdefinations.Stepdef - enter friend name
2021-Sep-04 17:00:21 PM [TestNG-PoolService-0] DEBUG stepdefinations.Stepdef - enter email of friend
2021-Sep-04 17:00:21 PM [TestNG-PoolService-0] DEBUG stepdefinations.Stepdef - click on send button
2021-Sep-04 17:00:21 PM [TestNG-PoolService-0] DEBUG stepdefinations.Stepdef - Each step hook is executed,screen shots taken
2021-Sep-04 17:00:26 PM [TestNG-PoolService-0] DEBUG stepdefinations.Stepdef - open pop up box
2021-Sep-04 17:00:26 PM [TestNG-PoolService-0] DEBUG stepdefinations.Stepdef - click on ok button
2021-Sep-04 17:00:26 PM [TestNG-PoolService-0] DEBUG stepdefinations.Stepdef - Each step hook is executed,screen shots taken
