2021-Sep-04 14:42:18 PM [TestNG-PoolService-0] DEBUG stepdefinations.Stepdef - initialized chrome
2021-Sep-04 14:42:18 PM [TestNG-PoolService-2] DEBUG stepdefinations.Stepdef - initialized chrome
2021-Sep-04 14:42:18 PM [TestNG-PoolService-1] DEBUG stepdefinations.Stepdef - initialized chrome
2021-Sep-04 14:42:18 PM [TestNG-PoolService-3] DEBUG stepdefinations.Stepdef - initialized chrome
2021-Sep-04 14:42:18 PM [TestNG-PoolService-3] DEBUG stepdefinations.Stepdef - Maximized windows
2021-Sep-04 14:42:18 PM [TestNG-PoolService-0] DEBUG stepdefinations.Stepdef - Maximized windows
2021-Sep-04 14:42:18 PM [TestNG-PoolService-2] DEBUG stepdefinations.Stepdef - Maximized windows
2021-Sep-04 14:42:18 PM [TestNG-PoolService-1] DEBUG stepdefinations.Stepdef - Maximized windows
2021-Sep-04 14:42:19 PM [TestNG-PoolService-3] DEBUG stepdefinations.Stepdef - delete all cookies
2021-Sep-04 14:42:19 PM [TestNG-PoolService-3] DEBUG stepdefinations.Stepdef - Each step hook is executed,screen shots taken
2021-Sep-04 14:42:22 PM [TestNG-PoolService-0] DEBUG stepdefinations.Stepdef - delete all cookies
2021-Sep-04 14:42:22 PM [TestNG-PoolService-0] DEBUG stepdefinations.Stepdef - Each step hook is executed,screen shots taken
2021-Sep-04 14:42:22 PM [TestNG-PoolService-0] DEBUG stepdefinations.Stepdef - Each step hook is executed,screen shots taken
2021-Sep-04 14:42:22 PM [TestNG-PoolService-2] DEBUG stepdefinations.Stepdef - delete all cookies
2021-Sep-04 14:42:22 PM [TestNG-PoolService-2] DEBUG stepdefinations.Stepdef - Each step hook is executed,screen shots taken
2021-Sep-04 14:42:22 PM [TestNG-PoolService-2] DEBUG stepdefinations.Stepdef - Each step hook is executed,screen shots taken
2021-Sep-04 14:42:22 PM [TestNG-PoolService-1] DEBUG stepdefinations.Stepdef - delete all cookies
2021-Sep-04 14:42:22 PM [TestNG-PoolService-1] DEBUG stepdefinations.Stepdef - Each step hook is executed,screen shots taken
2021-Sep-04 14:42:22 PM [TestNG-PoolService-1] DEBUG stepdefinations.Stepdef - Each step hook is executed,screen shots taken
2021-Sep-04 14:42:26 PM [TestNG-PoolService-1] DEBUG stepdefinations.Stepdef - navigate to the url
2021-Sep-04 14:42:43 PM [TestNG-PoolService-3] DEBUG stepdefinations.Stepdef - navigate to the url
2021-Sep-04 14:42:44 PM [TestNG-PoolService-2] DEBUG stepdefinations.Stepdef - navigate to the url
2021-Sep-04 14:42:45 PM [TestNG-PoolService-0] DEBUG stepdefinations.Stepdef - navigate to the url
2021-Sep-04 14:42:57 PM [TestNG-PoolService-1] DEBUG stepdefinations.Stepdef - Each step hook is executed,screen shots taken
2021-Sep-04 14:42:57 PM [TestNG-PoolService-3] DEBUG stepdefinations.Stepdef - clicked ok sign in button
2021-Sep-04 14:42:58 PM [TestNG-PoolService-3] DEBUG stepdefinations.Stepdef - enter email id
2021-Sep-04 14:42:58 PM [TestNG-PoolService-3] DEBUG stepdefinations.Stepdef - click on create new account button
2021-Sep-04 14:42:58 PM [TestNG-PoolService-3] DEBUG stepdefinations.Stepdef - get title from browser
2021-Sep-04 14:42:58 PM [TestNG-PoolService-2] DEBUG stepdefinations.Stepdef - clicked ok sign in button
2021-Sep-04 14:42:59 PM [TestNG-PoolService-0] DEBUG stepdefinations.Stepdef - clicked ok sign in button
2021-Sep-04 14:42:59 PM [TestNG-PoolService-0] DEBUG stepdefinations.Stepdef - Each step hook is executed,screen shots taken
2021-Sep-04 14:43:00 PM [TestNG-PoolService-2] DEBUG stepdefinations.Stepdef - Each step hook is executed,screen shots taken
2021-Sep-04 14:43:00 PM [TestNG-PoolService-0] DEBUG stepdefinations.Stepdef - enter emailsandy123456@gmail.com
2021-Sep-04 14:43:00 PM [TestNG-PoolService-2] DEBUG stepdefinations.Stepdef - enter email id
2021-Sep-04 14:43:00 PM [TestNG-PoolService-2] DEBUG stepdefinations.Stepdef - click on create new account button
2021-Sep-04 14:43:00 PM [TestNG-PoolService-0] DEBUG stepdefinations.Stepdef - enter passwordys@1991
2021-Sep-04 14:43:00 PM [TestNG-PoolService-2] DEBUG stepdefinations.Stepdef - Each step hook is executed,screen shots taken
2021-Sep-04 14:43:00 PM [TestNG-PoolService-2] DEBUG stepdefinations.Stepdef - get title from browser
2021-Sep-04 14:43:05 PM [TestNG-PoolService-3] DEBUG stepdefinations.Stepdef - result should be display
2021-Sep-04 14:43:06 PM [TestNG-PoolService-3] DEBUG stepdefinations.Stepdef - Each step hook is executed,screen shots taken
2021-Sep-04 14:43:08 PM [TestNG-PoolService-3] DEBUG stepdefinations.Stepdef - Each step hook is executed,screen shots taken
2021-Sep-04 14:43:08 PM [TestNG-PoolService-2] DEBUG stepdefinations.Stepdef - result should be display
2021-Sep-04 14:43:08 PM [TestNG-PoolService-0] DEBUG stepdefinations.Stepdef - click on submit button
2021-Sep-04 14:43:08 PM [TestNG-PoolService-2] DEBUG stepdefinations.Stepdef - Each step hook is executed,screen shots taken
2021-Sep-04 14:43:10 PM [TestNG-PoolService-3] DEBUG stepdefinations.Stepdef - Each step hook is executed,screen shots taken
2021-Sep-04 14:43:11 PM [TestNG-PoolService-3] DEBUG stepdefinations.Stepdef - Each step hook is executed,screen shots taken
2021-Sep-04 14:43:12 PM [TestNG-PoolService-3] DEBUG stepdefinations.Stepdef - Each step hook is executed,screen shots taken
2021-Sep-04 14:43:12 PM [TestNG-PoolService-3] DEBUG stepdefinations.Stepdef - select state
2021-Sep-04 14:43:12 PM [TestNG-PoolService-3] DEBUG stepdefinations.Stepdef - select country
2021-Sep-04 14:43:18 PM [TestNG-PoolService-0] DEBUG stepdefinations.Stepdef - select category T-Shirts
2021-Sep-04 14:43:18 PM [TestNG-PoolService-0] DEBUG stepdefinations.Stepdef - Each step hook is executed,screen shots taken
2021-Sep-04 14:43:26 PM [TestNG-PoolService-3] DEBUG stepdefinations.Stepdef - click on register
2021-Sep-04 14:43:26 PM [TestNG-PoolService-3] DEBUG stepdefinations.Stepdef - Each step hook is executed,screen shots taken
2021-Sep-04 14:43:26 PM [TestNG-PoolService-3] DEBUG stepdefinations.Stepdef - Each step hook is executed,screen shots taken
2021-Sep-04 14:43:28 PM [TestNG-PoolService-0] DEBUG stepdefinations.Stepdef - click on product
2021-Sep-04 14:43:28 PM [TestNG-PoolService-0] DEBUG stepdefinations.Stepdef - Each step hook is executed,screen shots taken
2021-Sep-04 14:43:28 PM [TestNG-PoolService-0] DEBUG stepdefinations.Stepdef - click on Email send to friend link
2021-Sep-04 14:43:28 PM [TestNG-PoolService-0] DEBUG stepdefinations.Stepdef - enter friend name
2021-Sep-04 14:43:28 PM [TestNG-PoolService-0] DEBUG stepdefinations.Stepdef - enter email of friend
2021-Sep-04 14:43:28 PM [TestNG-PoolService-0] DEBUG stepdefinations.Stepdef - click on send button
2021-Sep-04 14:43:29 PM [TestNG-PoolService-0] DEBUG stepdefinations.Stepdef - Each step hook is executed,screen shots taken
2021-Sep-04 14:43:33 PM [TestNG-PoolService-0] DEBUG stepdefinations.Stepdef - open pop up box
2021-Sep-04 14:43:33 PM [TestNG-PoolService-0] DEBUG stepdefinations.Stepdef - click on ok button
2021-Sep-04 14:43:34 PM [TestNG-PoolService-0] DEBUG stepdefinations.Stepdef - Each step hook is executed,screen shots taken
