2021-Sep-03 00:47:32 AM [TestNG-PoolService-0] DEBUG stepdefinations.Stepdef - initialized chrome
2021-Sep-03 00:47:32 AM [TestNG-PoolService-0] DEBUG stepdefinations.Stepdef - Maximized windows
2021-Sep-03 00:47:32 AM [TestNG-PoolService-2] DEBUG stepdefinations.Stepdef - initialized chrome
2021-Sep-03 00:47:32 AM [TestNG-PoolService-2] DEBUG stepdefinations.Stepdef - Maximized windows
2021-Sep-03 00:47:34 AM [TestNG-PoolService-1] DEBUG stepdefinations.Stepdef - initialized chrome
2021-Sep-03 00:47:34 AM [TestNG-PoolService-1] DEBUG stepdefinations.Stepdef - Maximized windows
2021-Sep-03 00:47:38 AM [TestNG-PoolService-2] DEBUG stepdefinations.Stepdef - delete all cookies
2021-Sep-03 00:47:38 AM [TestNG-PoolService-2] DEBUG stepdefinations.Stepdef - Each step hook is executed,screen shots taken
2021-Sep-03 00:47:38 AM [TestNG-PoolService-0] DEBUG stepdefinations.Stepdef - delete all cookies
2021-Sep-03 00:47:38 AM [TestNG-PoolService-0] DEBUG stepdefinations.Stepdef - Each step hook is executed,screen shots taken
2021-Sep-03 00:47:41 AM [TestNG-PoolService-1] DEBUG stepdefinations.Stepdef - delete all cookies
2021-Sep-03 00:47:41 AM [TestNG-PoolService-1] DEBUG stepdefinations.Stepdef - Each step hook is executed,screen shots taken
2021-Sep-03 00:47:45 AM [TestNG-PoolService-1] DEBUG stepdefinations.Stepdef - Each step hook is executed,screen shots taken
2021-Sep-03 00:48:12 AM [TestNG-PoolService-1] DEBUG stepdefinations.Stepdef - navigate to the url
2021-Sep-03 00:48:13 AM [TestNG-PoolService-2] DEBUG stepdefinations.Stepdef - navigate to the url
2021-Sep-03 00:48:14 AM [TestNG-PoolService-0] DEBUG stepdefinations.Stepdef - navigate to the url
2021-Sep-03 00:48:19 AM [TestNG-PoolService-2] DEBUG stepdefinations.Stepdef - clicked ok sign in button
2021-Sep-03 00:48:19 AM [TestNG-PoolService-1] DEBUG stepdefinations.Stepdef - clicked ok sign in button
2021-Sep-03 00:48:19 AM [TestNG-PoolService-2] DEBUG stepdefinations.Stepdef - enter email id
2021-Sep-03 00:48:20 AM [TestNG-PoolService-2] DEBUG stepdefinations.Stepdef - click on create new account button
2021-Sep-03 00:48:20 AM [TestNG-PoolService-0] DEBUG stepdefinations.Stepdef - clicked ok sign in button
2021-Sep-03 00:48:20 AM [TestNG-PoolService-2] DEBUG stepdefinations.Stepdef - get title from browser
2021-Sep-03 00:48:20 AM [TestNG-PoolService-0] DEBUG stepdefinations.Stepdef - enter email id
2021-Sep-03 00:48:20 AM [TestNG-PoolService-0] DEBUG stepdefinations.Stepdef - click on create new account button
2021-Sep-03 00:48:20 AM [TestNG-PoolService-0] DEBUG stepdefinations.Stepdef - get title from browser
2021-Sep-03 00:48:21 AM [TestNG-PoolService-1] DEBUG stepdefinations.Stepdef - Each step hook is executed,screen shots taken
2021-Sep-03 00:48:21 AM [TestNG-PoolService-1] DEBUG stepdefinations.Stepdef - enter email id
2021-Sep-03 00:48:21 AM [TestNG-PoolService-1] DEBUG stepdefinations.Stepdef - click on create new account button
2021-Sep-03 00:48:22 AM [TestNG-PoolService-1] DEBUG stepdefinations.Stepdef - Each step hook is executed,screen shots taken
2021-Sep-03 00:48:22 AM [TestNG-PoolService-1] DEBUG stepdefinations.Stepdef - get title from browser
