2021-Sep-03 01:13:08 AM [TestNG-PoolService-0] DEBUG stepdefinations.Stepdef - initialized chrome
2021-Sep-03 01:13:08 AM [TestNG-PoolService-1] DEBUG stepdefinations.Stepdef - initialized chrome
2021-Sep-03 01:13:08 AM [TestNG-PoolService-2] DEBUG stepdefinations.Stepdef - initialized chrome
2021-Sep-03 01:13:09 AM [TestNG-PoolService-2] DEBUG stepdefinations.Stepdef - Maximized windows
2021-Sep-03 01:13:09 AM [TestNG-PoolService-1] DEBUG stepdefinations.Stepdef - Maximized windows
2021-Sep-03 01:13:09 AM [TestNG-PoolService-0] DEBUG stepdefinations.Stepdef - Maximized windows
2021-Sep-03 01:13:11 AM [TestNG-PoolService-0] DEBUG stepdefinations.Stepdef - delete all cookies
2021-Sep-03 01:13:11 AM [TestNG-PoolService-1] DEBUG stepdefinations.Stepdef - delete all cookies
2021-Sep-03 01:13:11 AM [TestNG-PoolService-1] DEBUG stepdefinations.Stepdef - Each step hook is executed,screen shots taken
2021-Sep-03 01:13:11 AM [TestNG-PoolService-0] DEBUG stepdefinations.Stepdef - Each step hook is executed,screen shots taken
2021-Sep-03 01:13:11 AM [TestNG-PoolService-2] DEBUG stepdefinations.Stepdef - delete all cookies
2021-Sep-03 01:13:11 AM [TestNG-PoolService-2] DEBUG stepdefinations.Stepdef - Each step hook is executed,screen shots taken
2021-Sep-03 01:13:12 AM [TestNG-PoolService-1] DEBUG stepdefinations.Stepdef - Each step hook is executed,screen shots taken
2021-Sep-03 01:13:33 AM [TestNG-PoolService-1] DEBUG stepdefinations.Stepdef - navigate to the url
2021-Sep-03 01:13:36 AM [TestNG-PoolService-2] DEBUG stepdefinations.Stepdef - navigate to the url
2021-Sep-03 01:13:37 AM [TestNG-PoolService-0] DEBUG stepdefinations.Stepdef - navigate to the url
2021-Sep-03 01:13:41 AM [TestNG-PoolService-1] DEBUG stepdefinations.Stepdef - clicked ok sign in button
2021-Sep-03 01:13:42 AM [TestNG-PoolService-2] DEBUG stepdefinations.Stepdef - clicked ok sign in button
2021-Sep-03 01:13:42 AM [TestNG-PoolService-0] DEBUG stepdefinations.Stepdef - clicked ok sign in button
2021-Sep-03 01:13:43 AM [TestNG-PoolService-2] DEBUG stepdefinations.Stepdef - enter email id
2021-Sep-03 01:13:43 AM [TestNG-PoolService-0] DEBUG stepdefinations.Stepdef - enter email id
2021-Sep-03 01:13:43 AM [TestNG-PoolService-2] DEBUG stepdefinations.Stepdef - click on create new account button
2021-Sep-03 01:13:43 AM [TestNG-PoolService-2] DEBUG stepdefinations.Stepdef - get title from browser
2021-Sep-03 01:13:43 AM [TestNG-PoolService-0] DEBUG stepdefinations.Stepdef - click on create new account button
2021-Sep-03 01:13:43 AM [TestNG-PoolService-0] DEBUG stepdefinations.Stepdef - get title from browser
2021-Sep-03 01:13:44 AM [TestNG-PoolService-1] DEBUG stepdefinations.Stepdef - Each step hook is executed,screen shots taken
2021-Sep-03 01:13:44 AM [TestNG-PoolService-1] DEBUG stepdefinations.Stepdef - enter email id
2021-Sep-03 01:13:44 AM [TestNG-PoolService-1] DEBUG stepdefinations.Stepdef - click on create new account button
2021-Sep-03 01:13:45 AM [TestNG-PoolService-1] DEBUG stepdefinations.Stepdef - Each step hook is executed,screen shots taken
2021-Sep-03 01:13:45 AM [TestNG-PoolService-1] DEBUG stepdefinations.Stepdef - get title from browser
2021-Sep-03 01:14:14 AM [TestNG-PoolService-0] DEBUG stepdefinations.Stepdef - Each step hook is executed,screen shots taken
2021-Sep-03 01:14:14 AM [TestNG-PoolService-2] DEBUG stepdefinations.Stepdef - Each step hook is executed,screen shots taken
2021-Sep-03 01:14:15 AM [TestNG-PoolService-1] DEBUG stepdefinations.Stepdef - Each step hook is executed,screen shots taken
