2021-Sep-07 22:05:52 PM [TestNG-PoolService-3] DEBUG stepdefinations.Stepdef - initialized chrome
2021-Sep-07 22:05:52 PM [TestNG-PoolService-4] DEBUG stepdefinations.Stepdef - initialized chrome
2021-Sep-07 22:05:52 PM [TestNG-PoolService-2] DEBUG stepdefinations.Stepdef - initialized chrome
2021-Sep-07 22:05:52 PM [TestNG-PoolService-1] DEBUG stepdefinations.Stepdef - initialized chrome
2021-Sep-07 22:05:52 PM [TestNG-PoolService-5] DEBUG stepdefinations.Stepdef - initialized chrome
2021-Sep-07 22:05:52 PM [TestNG-PoolService-0] DEBUG stepdefinations.Stepdef - initialized chrome
2021-Sep-07 22:05:52 PM [TestNG-PoolService-4] DEBUG stepdefinations.Stepdef - Maximized windows
2021-Sep-07 22:05:52 PM [TestNG-PoolService-2] DEBUG stepdefinations.Stepdef - Maximized windows
2021-Sep-07 22:05:52 PM [TestNG-PoolService-0] DEBUG stepdefinations.Stepdef - Maximized windows
2021-Sep-07 22:05:52 PM [TestNG-PoolService-1] DEBUG stepdefinations.Stepdef - Maximized windows
2021-Sep-07 22:05:53 PM [TestNG-PoolService-5] DEBUG stepdefinations.Stepdef - Maximized windows
2021-Sep-07 22:05:53 PM [TestNG-PoolService-3] DEBUG stepdefinations.Stepdef - Maximized windows
2021-Sep-07 22:05:57 PM [TestNG-PoolService-2] DEBUG stepdefinations.Stepdef - delete all cookies
2021-Sep-07 22:05:57 PM [TestNG-PoolService-2] DEBUG stepdefinations.Stepdef - Each step hook is executed,screen shots taken
2021-Sep-07 22:05:58 PM [TestNG-PoolService-2] DEBUG stepdefinations.Stepdef - Each step hook is executed,screen shots taken
2021-Sep-07 22:05:58 PM [TestNG-PoolService-5] DEBUG stepdefinations.Stepdef - delete all cookies
2021-Sep-07 22:05:58 PM [TestNG-PoolService-0] DEBUG stepdefinations.Stepdef - delete all cookies
2021-Sep-07 22:05:58 PM [TestNG-PoolService-0] DEBUG stepdefinations.Stepdef - Each step hook is executed,screen shots taken
2021-Sep-07 22:05:58 PM [TestNG-PoolService-5] DEBUG stepdefinations.Stepdef - Each step hook is executed,screen shots taken
2021-Sep-07 22:05:59 PM [TestNG-PoolService-0] DEBUG stepdefinations.Stepdef - Each step hook is executed,screen shots taken
2021-Sep-07 22:06:00 PM [TestNG-PoolService-1] DEBUG stepdefinations.Stepdef - delete all cookies
2021-Sep-07 22:06:00 PM [TestNG-PoolService-4] DEBUG stepdefinations.Stepdef - delete all cookies
2021-Sep-07 22:06:00 PM [TestNG-PoolService-4] DEBUG stepdefinations.Stepdef - Each step hook is executed,screen shots taken
2021-Sep-07 22:06:00 PM [TestNG-PoolService-1] DEBUG stepdefinations.Stepdef - Each step hook is executed,screen shots taken
2021-Sep-07 22:06:00 PM [TestNG-PoolService-3] DEBUG stepdefinations.Stepdef - delete all cookies
2021-Sep-07 22:06:00 PM [TestNG-PoolService-3] DEBUG stepdefinations.Stepdef - Each step hook is executed,screen shots taken
2021-Sep-07 22:06:00 PM [TestNG-PoolService-4] DEBUG stepdefinations.Stepdef - Each step hook is executed,screen shots taken
2021-Sep-07 22:06:00 PM [TestNG-PoolService-3] DEBUG stepdefinations.Stepdef - Each step hook is executed,screen shots taken
2021-Sep-07 22:06:27 PM [TestNG-PoolService-2] DEBUG stepdefinations.Stepdef - navigate to the url
2021-Sep-07 22:06:28 PM [TestNG-PoolService-5] DEBUG stepdefinations.Stepdef - navigate to the url
2021-Sep-07 22:06:28 PM [TestNG-PoolService-3] DEBUG stepdefinations.Stepdef - navigate to the url
2021-Sep-07 22:06:29 PM [TestNG-PoolService-4] DEBUG stepdefinations.Stepdef - navigate to the url
2021-Sep-07 22:06:29 PM [TestNG-PoolService-0] DEBUG stepdefinations.Stepdef - navigate to the url
2021-Sep-07 22:06:36 PM [TestNG-PoolService-1] DEBUG stepdefinations.Stepdef - navigate to the url
2021-Sep-07 22:06:37 PM [TestNG-PoolService-1] DEBUG stepdefinations.Stepdef - clicked ok sign in button
2021-Sep-07 22:06:42 PM [TestNG-PoolService-3] DEBUG stepdefinations.Stepdef - clicked ok sign in button
2021-Sep-07 22:06:43 PM [TestNG-PoolService-4] DEBUG stepdefinations.Stepdef - clicked ok sign in button
2021-Sep-07 22:06:43 PM [TestNG-PoolService-0] DEBUG stepdefinations.Stepdef - clicked ok sign in button
2021-Sep-07 22:06:43 PM [TestNG-PoolService-2] DEBUG stepdefinations.Stepdef - clicked ok sign in button
2021-Sep-07 22:06:45 PM [TestNG-PoolService-5] DEBUG stepdefinations.Stepdef - clicked ok sign in button
2021-Sep-07 22:06:46 PM [TestNG-PoolService-5] DEBUG stepdefinations.Stepdef - enter email id
2021-Sep-07 22:06:46 PM [TestNG-PoolService-2] DEBUG stepdefinations.Stepdef - Each step hook is executed,screen shots taken
2021-Sep-07 22:06:46 PM [TestNG-PoolService-3] DEBUG stepdefinations.Stepdef - Each step hook is executed,screen shots taken
2021-Sep-07 22:06:46 PM [TestNG-PoolService-0] DEBUG stepdefinations.Stepdef - Each step hook is executed,screen shots taken
2021-Sep-07 22:06:46 PM [TestNG-PoolService-4] DEBUG stepdefinations.Stepdef - Each step hook is executed,screen shots taken
2021-Sep-07 22:06:47 PM [TestNG-PoolService-4] DEBUG stepdefinations.Stepdef - enter email id
2021-Sep-07 22:06:47 PM [TestNG-PoolService-5] DEBUG stepdefinations.Stepdef - click on create new account button
2021-Sep-07 22:06:47 PM [TestNG-PoolService-4] DEBUG stepdefinations.Stepdef - click on create new account button
2021-Sep-07 22:06:47 PM [TestNG-PoolService-5] DEBUG stepdefinations.Stepdef - get title from browser
2021-Sep-07 22:06:47 PM [TestNG-PoolService-4] DEBUG stepdefinations.Stepdef - Each step hook is executed,screen shots taken
2021-Sep-07 22:06:47 PM [TestNG-PoolService-4] DEBUG stepdefinations.Stepdef - get title from browser
2021-Sep-07 22:06:55 PM [TestNG-PoolService-2] DEBUG stepdefinations.Stepdef - initialized chrome
2021-Sep-07 22:06:55 PM [TestNG-PoolService-0] DEBUG stepdefinations.Stepdef - initialized chrome
2021-Sep-07 22:06:55 PM [TestNG-PoolService-3] DEBUG stepdefinations.Stepdef - initialized chrome
2021-Sep-07 22:06:55 PM [TestNG-PoolService-2] DEBUG stepdefinations.Stepdef - Maximized windows
2021-Sep-07 22:06:55 PM [TestNG-PoolService-0] DEBUG stepdefinations.Stepdef - Maximized windows
2021-Sep-07 22:06:55 PM [TestNG-PoolService-3] DEBUG stepdefinations.Stepdef - Maximized windows
2021-Sep-07 22:07:00 PM [TestNG-PoolService-2] DEBUG stepdefinations.Stepdef - delete all cookies
2021-Sep-07 22:07:00 PM [TestNG-PoolService-0] DEBUG stepdefinations.Stepdef - delete all cookies
2021-Sep-07 22:07:00 PM [TestNG-PoolService-2] DEBUG stepdefinations.Stepdef - Each step hook is executed,screen shots taken
2021-Sep-07 22:07:00 PM [TestNG-PoolService-0] DEBUG stepdefinations.Stepdef - Each step hook is executed,screen shots taken
2021-Sep-07 22:07:00 PM [TestNG-PoolService-3] DEBUG stepdefinations.Stepdef - delete all cookies
2021-Sep-07 22:07:00 PM [TestNG-PoolService-3] DEBUG stepdefinations.Stepdef - Each step hook is executed,screen shots taken
2021-Sep-07 22:07:09 PM [TestNG-PoolService-1] DEBUG stepdefinations.Stepdef - Each step hook is executed,screen shots taken
2021-Sep-07 22:07:19 PM [TestNG-PoolService-5] DEBUG stepdefinations.Stepdef - Each step hook is executed,screen shots taken
2021-Sep-07 22:07:20 PM [TestNG-PoolService-4] DEBUG stepdefinations.Stepdef - Each step hook is executed,screen shots taken
2021-Sep-07 22:07:25 PM [TestNG-PoolService-0] DEBUG stepdefinations.Stepdef - navigate to the url
2021-Sep-07 22:07:26 PM [TestNG-PoolService-3] DEBUG stepdefinations.Stepdef - navigate to the url
2021-Sep-07 22:07:27 PM [TestNG-PoolService-2] DEBUG stepdefinations.Stepdef - navigate to the url
2021-Sep-07 22:07:32 PM [TestNG-PoolService-0] DEBUG stepdefinations.Stepdef - clicked ok sign in button
2021-Sep-07 22:07:32 PM [TestNG-PoolService-0] DEBUG stepdefinations.Stepdef - enter emailFeature1996@icici.com
2021-Sep-07 22:07:33 PM [TestNG-PoolService-0] DEBUG stepdefinations.Stepdef - enter passwordYYY786
2021-Sep-07 22:07:33 PM [TestNG-PoolService-3] DEBUG stepdefinations.Stepdef - clicked ok sign in button
2021-Sep-07 22:07:33 PM [TestNG-PoolService-3] DEBUG stepdefinations.Stepdef - enter emailFeature1996@icici.com
2021-Sep-07 22:07:33 PM [TestNG-PoolService-3] DEBUG stepdefinations.Stepdef - enter passwordYYY786
2021-Sep-07 22:07:34 PM [TestNG-PoolService-3] DEBUG stepdefinations.Stepdef - Each step hook is executed,screen shots taken
2021-Sep-07 22:07:34 PM [TestNG-PoolService-2] DEBUG stepdefinations.Stepdef - clicked ok sign in button
2021-Sep-07 22:07:35 PM [TestNG-PoolService-2] DEBUG stepdefinations.Stepdef - enter emailFeature1996@icici.com
2021-Sep-07 22:07:35 PM [TestNG-PoolService-2] DEBUG stepdefinations.Stepdef - enter passwordYYY786
2021-Sep-07 22:07:36 PM [TestNG-PoolService-0] DEBUG stepdefinations.Stepdef - click on submit button
2021-Sep-07 22:07:36 PM [TestNG-PoolService-3] DEBUG stepdefinations.Stepdef - click on submit button
2021-Sep-07 22:07:37 PM [TestNG-PoolService-3] DEBUG stepdefinations.Stepdef - Each step hook is executed,screen shots taken
2021-Sep-07 22:07:37 PM [TestNG-PoolService-3] DEBUG stepdefinations.Stepdef - Each step hook is executed,screen shots taken
2021-Sep-07 22:07:38 PM [TestNG-PoolService-2] DEBUG stepdefinations.Stepdef - click on submit button
2021-Sep-07 22:07:44 PM [TestNG-PoolService-0] DEBUG stepdefinations.Stepdef - select category T-Shirts
2021-Sep-07 22:07:46 PM [TestNG-PoolService-2] DEBUG stepdefinations.Stepdef - select category T-Shirts
2021-Sep-07 22:07:46 PM [TestNG-PoolService-2] DEBUG stepdefinations.Stepdef - Each step hook is executed,screen shots taken
2021-Sep-07 22:07:53 PM [TestNG-PoolService-0] DEBUG stepdefinations.Stepdef - click on product
2021-Sep-07 22:07:53 PM [TestNG-PoolService-0] DEBUG stepdefinations.Stepdef - Each step hook is executed,screen shots taken
2021-Sep-07 22:07:53 PM [TestNG-PoolService-2] DEBUG stepdefinations.Stepdef - click on product
2021-Sep-07 22:07:53 PM [TestNG-PoolService-2] DEBUG stepdefinations.Stepdef - Each step hook is executed,screen shots taken
2021-Sep-07 22:07:54 PM [TestNG-PoolService-2] DEBUG stepdefinations.Stepdef - click on Email send to friend link
2021-Sep-07 22:07:54 PM [TestNG-PoolService-0] DEBUG stepdefinations.Stepdef - Each step hook is executed,screen shots taken
2021-Sep-07 22:07:54 PM [TestNG-PoolService-2] DEBUG stepdefinations.Stepdef - enter friend name
2021-Sep-07 22:07:54 PM [TestNG-PoolService-2] DEBUG stepdefinations.Stepdef - enter email of friend
2021-Sep-07 22:07:54 PM [TestNG-PoolService-2] DEBUG stepdefinations.Stepdef - click on send button
2021-Sep-07 22:07:55 PM [TestNG-PoolService-0] DEBUG stepdefinations.Stepdef - Each step hook is executed,screen shots taken
2021-Sep-07 22:07:55 PM [TestNG-PoolService-2] DEBUG stepdefinations.Stepdef - Each step hook is executed,screen shots taken
2021-Sep-07 22:07:55 PM [TestNG-PoolService-0] DEBUG stepdefinations.Stepdef - Each step hook is executed,screen shots taken
2021-Sep-07 22:08:01 PM [TestNG-PoolService-2] DEBUG stepdefinations.Stepdef - open pop up box
2021-Sep-07 22:08:01 PM [TestNG-PoolService-2] DEBUG stepdefinations.Stepdef - click on ok button
2021-Sep-07 22:08:01 PM [TestNG-PoolService-2] DEBUG stepdefinations.Stepdef - Each step hook is executed,screen shots taken
2021-Sep-07 22:08:06 PM [TestNG-PoolService-0] DEBUG stepdefinations.Stepdef - Each step hook is executed,screen shots taken
2021-Sep-07 22:08:10 PM [TestNG-PoolService-0] DEBUG stepdefinations.Stepdef - Each step hook is executed,screen shots taken
