2021-Sep-04 17:17:24 PM [TestNG-PoolService-3] DEBUG stepdefinations.Stepdef - initialized chrome
2021-Sep-04 17:17:25 PM [TestNG-PoolService-0] DEBUG stepdefinations.Stepdef - initialized chrome
2021-Sep-04 17:17:25 PM [TestNG-PoolService-3] DEBUG stepdefinations.Stepdef - Maximized windows
2021-Sep-04 17:17:25 PM [TestNG-PoolService-0] DEBUG stepdefinations.Stepdef - Maximized windows
2021-Sep-04 17:17:25 PM [TestNG-PoolService-2] DEBUG stepdefinations.Stepdef - initialized chrome
2021-Sep-04 17:17:26 PM [TestNG-PoolService-2] DEBUG stepdefinations.Stepdef - Maximized windows
2021-Sep-04 17:17:26 PM [TestNG-PoolService-1] DEBUG stepdefinations.Stepdef - initialized chrome
2021-Sep-04 17:17:26 PM [TestNG-PoolService-1] DEBUG stepdefinations.Stepdef - Maximized windows
2021-Sep-04 17:17:28 PM [TestNG-PoolService-3] DEBUG stepdefinations.Stepdef - delete all cookies
2021-Sep-04 17:17:29 PM [TestNG-PoolService-3] DEBUG stepdefinations.Stepdef - Each step hook is executed,screen shots taken
2021-Sep-04 17:17:29 PM [TestNG-PoolService-0] DEBUG stepdefinations.Stepdef - delete all cookies
2021-Sep-04 17:17:29 PM [TestNG-PoolService-0] DEBUG stepdefinations.Stepdef - Each step hook is executed,screen shots taken
2021-Sep-04 17:17:29 PM [TestNG-PoolService-0] DEBUG stepdefinations.Stepdef - Each step hook is executed,screen shots taken
2021-Sep-04 17:17:30 PM [TestNG-PoolService-2] DEBUG stepdefinations.Stepdef - delete all cookies
2021-Sep-04 17:17:30 PM [TestNG-PoolService-2] DEBUG stepdefinations.Stepdef - Each step hook is executed,screen shots taken
2021-Sep-04 17:17:30 PM [TestNG-PoolService-1] DEBUG stepdefinations.Stepdef - delete all cookies
2021-Sep-04 17:17:30 PM [TestNG-PoolService-1] DEBUG stepdefinations.Stepdef - Each step hook is executed,screen shots taken
2021-Sep-04 17:17:30 PM [TestNG-PoolService-2] DEBUG stepdefinations.Stepdef - Each step hook is executed,screen shots taken
2021-Sep-04 17:17:30 PM [TestNG-PoolService-1] DEBUG stepdefinations.Stepdef - Each step hook is executed,screen shots taken
2021-Sep-04 17:18:03 PM [TestNG-PoolService-3] DEBUG stepdefinations.Stepdef - navigate to the url
2021-Sep-04 17:18:03 PM [TestNG-PoolService-1] DEBUG stepdefinations.Stepdef - navigate to the url
2021-Sep-04 17:18:03 PM [TestNG-PoolService-2] DEBUG stepdefinations.Stepdef - navigate to the url
2021-Sep-04 17:18:03 PM [TestNG-PoolService-0] DEBUG stepdefinations.Stepdef - navigate to the url
2021-Sep-04 17:18:19 PM [TestNG-PoolService-0] DEBUG stepdefinations.Stepdef - clicked ok sign in button
2021-Sep-04 17:18:19 PM [TestNG-PoolService-2] DEBUG stepdefinations.Stepdef - clicked ok sign in button
2021-Sep-04 17:18:19 PM [TestNG-PoolService-1] DEBUG stepdefinations.Stepdef - clicked ok sign in button
2021-Sep-04 17:18:20 PM [TestNG-PoolService-3] DEBUG stepdefinations.Stepdef - clicked ok sign in button
2021-Sep-04 17:18:21 PM [TestNG-PoolService-3] DEBUG stepdefinations.Stepdef - enter email id
2021-Sep-04 17:18:21 PM [TestNG-PoolService-3] DEBUG stepdefinations.Stepdef - click on create new account button
2021-Sep-04 17:18:21 PM [TestNG-PoolService-3] DEBUG stepdefinations.Stepdef - get title from browser
2021-Sep-04 17:18:22 PM [TestNG-PoolService-2] DEBUG stepdefinations.Stepdef - Each step hook is executed,screen shots taken
2021-Sep-04 17:18:22 PM [TestNG-PoolService-0] DEBUG stepdefinations.Stepdef - Each step hook is executed,screen shots taken
2021-Sep-04 17:18:22 PM [TestNG-PoolService-1] DEBUG stepdefinations.Stepdef - Each step hook is executed,screen shots taken
2021-Sep-04 17:18:23 PM [TestNG-PoolService-1] DEBUG stepdefinations.Stepdef - enter emailsandy123456@gmail.com
2021-Sep-04 17:18:23 PM [TestNG-PoolService-2] DEBUG stepdefinations.Stepdef - enter email id
2021-Sep-04 17:18:23 PM [TestNG-PoolService-0] DEBUG stepdefinations.Stepdef - enter emailyashuu2225@gmail.com
2021-Sep-04 17:18:23 PM [TestNG-PoolService-1] DEBUG stepdefinations.Stepdef - enter passwordys@1991
2021-Sep-04 17:18:23 PM [TestNG-PoolService-1] DEBUG stepdefinations.Stepdef - Each step hook is executed,screen shots taken
2021-Sep-04 17:18:24 PM [TestNG-PoolService-2] DEBUG stepdefinations.Stepdef - click on create new account button
2021-Sep-04 17:18:24 PM [TestNG-PoolService-2] DEBUG stepdefinations.Stepdef - Each step hook is executed,screen shots taken
2021-Sep-04 17:18:24 PM [TestNG-PoolService-0] DEBUG stepdefinations.Stepdef - enter passwordyashuu@2225
2021-Sep-04 17:18:24 PM [TestNG-PoolService-2] DEBUG stepdefinations.Stepdef - get title from browser
2021-Sep-04 17:18:25 PM [TestNG-PoolService-0] DEBUG stepdefinations.Stepdef - click on submit button
2021-Sep-04 17:18:29 PM [TestNG-PoolService-3] DEBUG stepdefinations.Stepdef - result should be display
2021-Sep-04 17:18:29 PM [TestNG-PoolService-3] DEBUG stepdefinations.Stepdef - Each step hook is executed,screen shots taken
2021-Sep-04 17:18:31 PM [TestNG-PoolService-3] DEBUG stepdefinations.Stepdef - Each step hook is executed,screen shots taken
2021-Sep-04 17:18:32 PM [TestNG-PoolService-3] DEBUG stepdefinations.Stepdef - Each step hook is executed,screen shots taken
2021-Sep-04 17:18:32 PM [TestNG-PoolService-3] DEBUG stepdefinations.Stepdef - Each step hook is executed,screen shots taken
2021-Sep-04 17:18:33 PM [TestNG-PoolService-3] DEBUG stepdefinations.Stepdef - Each step hook is executed,screen shots taken
2021-Sep-04 17:18:34 PM [TestNG-PoolService-3] DEBUG stepdefinations.Stepdef - select state
2021-Sep-04 17:18:34 PM [TestNG-PoolService-3] DEBUG stepdefinations.Stepdef - select country
2021-Sep-04 17:18:34 PM [TestNG-PoolService-3] DEBUG stepdefinations.Stepdef - click on register
2021-Sep-04 17:18:34 PM [TestNG-PoolService-3] DEBUG stepdefinations.Stepdef - Each step hook is executed,screen shots taken
2021-Sep-04 17:18:35 PM [TestNG-PoolService-3] DEBUG stepdefinations.Stepdef - Each step hook is executed,screen shots taken
2021-Sep-04 17:18:39 PM [TestNG-PoolService-1] DEBUG stepdefinations.Stepdef - click on submit button
2021-Sep-04 17:18:39 PM [TestNG-PoolService-1] DEBUG stepdefinations.Stepdef - Each step hook is executed,screen shots taken
2021-Sep-04 17:18:39 PM [TestNG-PoolService-1] DEBUG stepdefinations.Stepdef - Each step hook is executed,screen shots taken
2021-Sep-04 17:18:54 PM [TestNG-PoolService-2] DEBUG stepdefinations.Stepdef - Each step hook is executed,screen shots taken
2021-Sep-04 17:18:55 PM [TestNG-PoolService-0] DEBUG stepdefinations.Stepdef - Each step hook is executed,screen shots taken
