2021-Sep-03 14:07:27 PM [TestNG-PoolService-1] DEBUG stepdefinations.Stepdef - initialized chrome
2021-Sep-03 14:07:27 PM [TestNG-PoolService-2] DEBUG stepdefinations.Stepdef - initialized chrome
2021-Sep-03 14:07:27 PM [TestNG-PoolService-0] DEBUG stepdefinations.Stepdef - initialized chrome
2021-Sep-03 14:07:28 PM [TestNG-PoolService-2] DEBUG stepdefinations.Stepdef - Maximized windows
2021-Sep-03 14:07:28 PM [TestNG-PoolService-0] DEBUG stepdefinations.Stepdef - Maximized windows
2021-Sep-03 14:07:28 PM [TestNG-PoolService-1] DEBUG stepdefinations.Stepdef - Maximized windows
2021-Sep-03 14:07:28 PM [TestNG-PoolService-2] DEBUG stepdefinations.Stepdef - delete all cookies
2021-Sep-03 14:07:28 PM [TestNG-PoolService-0] DEBUG stepdefinations.Stepdef - delete all cookies
2021-Sep-03 14:07:28 PM [TestNG-PoolService-2] DEBUG stepdefinations.Stepdef - Each step hook is executed,screen shots taken
2021-Sep-03 14:07:28 PM [TestNG-PoolService-0] DEBUG stepdefinations.Stepdef - Each step hook is executed,screen shots taken
2021-Sep-03 14:07:29 PM [TestNG-PoolService-1] DEBUG stepdefinations.Stepdef - delete all cookies
2021-Sep-03 14:07:29 PM [TestNG-PoolService-1] DEBUG stepdefinations.Stepdef - Each step hook is executed,screen shots taken
2021-Sep-03 14:07:29 PM [TestNG-PoolService-1] DEBUG stepdefinations.Stepdef - Each step hook is executed,screen shots taken
2021-Sep-03 14:07:48 PM [TestNG-PoolService-0] DEBUG stepdefinations.Stepdef - navigate to the url
2021-Sep-03 14:07:48 PM [TestNG-PoolService-2] DEBUG stepdefinations.Stepdef - navigate to the url
2021-Sep-03 14:07:48 PM [TestNG-PoolService-1] DEBUG stepdefinations.Stepdef - navigate to the url
2021-Sep-03 14:07:53 PM [TestNG-PoolService-0] DEBUG stepdefinations.Stepdef - clicked ok sign in button
2021-Sep-03 14:07:55 PM [TestNG-PoolService-1] DEBUG stepdefinations.Stepdef - clicked ok sign in button
2021-Sep-03 14:07:56 PM [TestNG-PoolService-2] DEBUG stepdefinations.Stepdef - clicked ok sign in button
2021-Sep-03 14:07:56 PM [TestNG-PoolService-2] DEBUG stepdefinations.Stepdef - enter email id
2021-Sep-03 14:07:56 PM [TestNG-PoolService-0] DEBUG stepdefinations.Stepdef - enter email id
2021-Sep-03 14:07:56 PM [TestNG-PoolService-2] DEBUG stepdefinations.Stepdef - click on create new account button
2021-Sep-03 14:07:56 PM [TestNG-PoolService-0] DEBUG stepdefinations.Stepdef - click on create new account button
2021-Sep-03 14:07:56 PM [TestNG-PoolService-2] DEBUG stepdefinations.Stepdef - get title from browser
2021-Sep-03 14:07:56 PM [TestNG-PoolService-0] DEBUG stepdefinations.Stepdef - get title from browser
2021-Sep-03 14:07:57 PM [TestNG-PoolService-1] DEBUG stepdefinations.Stepdef - Each step hook is executed,screen shots taken
2021-Sep-03 14:07:57 PM [TestNG-PoolService-1] DEBUG stepdefinations.Stepdef - enter email id
2021-Sep-03 14:07:57 PM [TestNG-PoolService-1] DEBUG stepdefinations.Stepdef - click on create new account button
2021-Sep-03 14:07:58 PM [TestNG-PoolService-1] DEBUG stepdefinations.Stepdef - Each step hook is executed,screen shots taken
2021-Sep-03 14:07:58 PM [TestNG-PoolService-1] DEBUG stepdefinations.Stepdef - get title from browser
2021-Sep-03 14:08:26 PM [TestNG-PoolService-0] DEBUG stepdefinations.Stepdef - Each step hook is executed,screen shots taken
2021-Sep-03 14:08:27 PM [TestNG-PoolService-2] DEBUG stepdefinations.Stepdef - Each step hook is executed,screen shots taken
2021-Sep-03 14:08:28 PM [TestNG-PoolService-1] DEBUG stepdefinations.Stepdef - Each step hook is executed,screen shots taken
