2021-Sep-02 23:03:26 PM [main] DEBUG stepdefinations.Stepdef - initialized chrome
2021-Sep-02 23:03:26 PM [main] DEBUG stepdefinations.Stepdef - Maximized windows
2021-Sep-02 23:03:26 PM [main] DEBUG stepdefinations.Stepdef - delete all cookies
2021-Sep-02 23:03:26 PM [main] DEBUG stepdefinations.Stepdef - Each step hook is executed,screen shots taken
2021-Sep-02 23:03:26 PM [main] DEBUG stepdefinations.Stepdef - Each step hook is executed,screen shots taken
2021-Sep-02 23:03:34 PM [main] DEBUG stepdefinations.Stepdef - navigate to the url
2021-Sep-02 23:03:38 PM [main] DEBUG stepdefinations.Stepdef - clicked ok sign in button
2021-Sep-02 23:03:38 PM [main] DEBUG stepdefinations.Stepdef - Each step hook is executed,screen shots taken
2021-Sep-02 23:03:38 PM [main] DEBUG stepdefinations.Stepdef - enter email id
2021-Sep-02 23:03:38 PM [main] DEBUG stepdefinations.Stepdef - click on create new account button
2021-Sep-02 23:03:39 PM [main] DEBUG stepdefinations.Stepdef - Each step hook is executed,screen shots taken
2021-Sep-02 23:03:39 PM [main] DEBUG stepdefinations.Stepdef - get title from browser
2021-Sep-02 23:04:09 PM [main] DEBUG stepdefinations.Stepdef - Each step hook is executed,screen shots taken
2021-Sep-02 23:04:13 PM [main] DEBUG stepdefinations.Stepdef - initialized chrome
2021-Sep-02 23:04:14 PM [main] DEBUG stepdefinations.Stepdef - Maximized windows
2021-Sep-02 23:04:14 PM [main] DEBUG stepdefinations.Stepdef - delete all cookies
2021-Sep-02 23:04:14 PM [main] DEBUG stepdefinations.Stepdef - Each step hook is executed,screen shots taken
2021-Sep-02 23:04:25 PM [main] DEBUG stepdefinations.Stepdef - navigate to the url
2021-Sep-02 23:04:28 PM [main] DEBUG stepdefinations.Stepdef - clicked ok sign in button
2021-Sep-02 23:04:28 PM [main] DEBUG stepdefinations.Stepdef - enter email id
2021-Sep-02 23:04:28 PM [main] DEBUG stepdefinations.Stepdef - click on create new account button
2021-Sep-02 23:04:28 PM [main] DEBUG stepdefinations.Stepdef - get title from browser
2021-Sep-02 23:04:58 PM [main] DEBUG stepdefinations.Stepdef - Each step hook is executed,screen shots taken
