2021-Sep-02 22:54:51 PM [main] DEBUG stepdefinations.Stepdef - initialized chrome
2021-Sep-02 22:54:51 PM [main] DEBUG stepdefinations.Stepdef - Maximized windows
2021-Sep-02 22:54:54 PM [main] DEBUG stepdefinations.Stepdef - delete all cookies
2021-Sep-02 22:54:54 PM [main] DEBUG stepdefinations.Stepdef - Each step hook is executed,screen shots taken
2021-Sep-02 22:54:54 PM [main] DEBUG stepdefinations.Stepdef - Each step hook is executed,screen shots taken
2021-Sep-02 22:55:03 PM [main] DEBUG stepdefinations.Stepdef - navigate to the url
2021-Sep-02 22:55:09 PM [main] DEBUG stepdefinations.Stepdef - clicked ok sign in button
2021-Sep-02 22:55:09 PM [main] DEBUG stepdefinations.Stepdef - Each step hook is executed,screen shots taken
2021-Sep-02 22:55:10 PM [main] DEBUG stepdefinations.Stepdef - enter email id
2021-Sep-02 22:55:10 PM [main] DEBUG stepdefinations.Stepdef - click on create new account button
2021-Sep-02 22:55:10 PM [main] DEBUG stepdefinations.Stepdef - Each step hook is executed,screen shots taken
2021-Sep-02 22:55:10 PM [main] DEBUG stepdefinations.Stepdef - get title from browser
2021-Sep-02 22:55:12 PM [main] DEBUG stepdefinations.Stepdef - result should be display
2021-Sep-02 22:55:13 PM [main] DEBUG stepdefinations.Stepdef - Each step hook is executed,screen shots taken
2021-Sep-02 22:55:19 PM [main] DEBUG stepdefinations.Stepdef - initialized chrome
2021-Sep-02 22:55:19 PM [main] DEBUG stepdefinations.Stepdef - Maximized windows
2021-Sep-02 22:55:19 PM [main] DEBUG stepdefinations.Stepdef - delete all cookies
2021-Sep-02 22:55:19 PM [main] DEBUG stepdefinations.Stepdef - Each step hook is executed,screen shots taken
2021-Sep-02 22:55:28 PM [main] DEBUG stepdefinations.Stepdef - navigate to the url
2021-Sep-02 22:55:32 PM [main] DEBUG stepdefinations.Stepdef - clicked ok sign in button
2021-Sep-02 22:55:32 PM [main] DEBUG stepdefinations.Stepdef - enter email id
2021-Sep-02 22:55:32 PM [main] DEBUG stepdefinations.Stepdef - click on create new account button
2021-Sep-02 22:55:32 PM [main] DEBUG stepdefinations.Stepdef - get title from browser
2021-Sep-02 22:55:34 PM [main] DEBUG stepdefinations.Stepdef - result should be display
2021-Sep-02 22:55:34 PM [main] DEBUG stepdefinations.Stepdef - Each step hook is executed,screen shots taken
2021-Sep-02 22:55:35 PM [main] DEBUG stepdefinations.Stepdef - Each step hook is executed,screen shots taken
2021-Sep-02 22:55:35 PM [main] DEBUG stepdefinations.Stepdef - Each step hook is executed,screen shots taken
2021-Sep-02 22:55:36 PM [main] DEBUG stepdefinations.Stepdef - Each step hook is executed,screen shots taken
2021-Sep-02 22:55:37 PM [main] DEBUG stepdefinations.Stepdef - Each step hook is executed,screen shots taken
2021-Sep-02 22:55:37 PM [main] DEBUG stepdefinations.Stepdef - select state
2021-Sep-02 22:55:37 PM [main] DEBUG stepdefinations.Stepdef - select country
2021-Sep-02 22:55:39 PM [main] DEBUG stepdefinations.Stepdef - click on register
2021-Sep-02 22:55:39 PM [main] DEBUG stepdefinations.Stepdef - Each step hook is executed,screen shots taken
2021-Sep-02 22:56:09 PM [main] DEBUG stepdefinations.Stepdef - Each step hook is executed,screen shots taken
