2021-Sep-02 22:44:10 PM [main] DEBUG stepdefinations.Stepdef - initialized chrome
2021-Sep-02 22:44:10 PM [main] DEBUG stepdefinations.Stepdef - Maximized windows
2021-Sep-02 22:44:11 PM [main] DEBUG stepdefinations.Stepdef - delete all cookies
2021-Sep-02 22:44:11 PM [main] DEBUG stepdefinations.Stepdef - Each step hook is executed,screen shots taken
2021-Sep-02 22:44:12 PM [main] DEBUG stepdefinations.Stepdef - Each step hook is executed,screen shots taken
2021-Sep-02 22:44:24 PM [main] DEBUG stepdefinations.Stepdef - navigate to the url
2021-Sep-02 22:44:28 PM [main] DEBUG stepdefinations.Stepdef - clicked ok sign in button
2021-Sep-02 22:44:29 PM [main] DEBUG stepdefinations.Stepdef - Each step hook is executed,screen shots taken
2021-Sep-02 22:44:29 PM [main] DEBUG stepdefinations.Stepdef - enter email id
2021-Sep-02 22:44:29 PM [main] DEBUG stepdefinations.Stepdef - click on create new account button
2021-Sep-02 22:44:30 PM [main] DEBUG stepdefinations.Stepdef - Each step hook is executed,screen shots taken
2021-Sep-02 22:44:30 PM [main] DEBUG stepdefinations.Stepdef - get title from browser
2021-Sep-02 22:44:31 PM [main] DEBUG stepdefinations.Stepdef - result should be display
2021-Sep-02 22:44:31 PM [main] DEBUG stepdefinations.Stepdef - Each step hook is executed,screen shots taken
2021-Sep-02 22:44:36 PM [main] DEBUG stepdefinations.Stepdef - initialized chrome
2021-Sep-02 22:44:36 PM [main] DEBUG stepdefinations.Stepdef - Maximized windows
2021-Sep-02 22:44:38 PM [main] DEBUG stepdefinations.Stepdef - delete all cookies
2021-Sep-02 22:44:38 PM [main] DEBUG stepdefinations.Stepdef - Each step hook is executed,screen shots taken
2021-Sep-02 22:44:47 PM [main] DEBUG stepdefinations.Stepdef - navigate to the url
2021-Sep-02 22:44:49 PM [main] DEBUG stepdefinations.Stepdef - clicked ok sign in button
2021-Sep-02 22:44:49 PM [main] DEBUG stepdefinations.Stepdef - enter email id
2021-Sep-02 22:44:49 PM [main] DEBUG stepdefinations.Stepdef - click on create new account button
2021-Sep-02 22:44:49 PM [main] DEBUG stepdefinations.Stepdef - get title from browser
2021-Sep-02 22:44:51 PM [main] DEBUG stepdefinations.Stepdef - result should be display
2021-Sep-02 22:44:51 PM [main] DEBUG stepdefinations.Stepdef - Each step hook is executed,screen shots taken
2021-Sep-02 22:44:52 PM [main] DEBUG stepdefinations.Stepdef - Each step hook is executed,screen shots taken
2021-Sep-02 22:44:53 PM [main] DEBUG stepdefinations.Stepdef - Each step hook is executed,screen shots taken
2021-Sep-02 22:44:53 PM [main] DEBUG stepdefinations.Stepdef - Each step hook is executed,screen shots taken
2021-Sep-02 22:44:54 PM [main] DEBUG stepdefinations.Stepdef - Each step hook is executed,screen shots taken
2021-Sep-02 22:44:54 PM [main] DEBUG stepdefinations.Stepdef - select state
2021-Sep-02 22:44:54 PM [main] DEBUG stepdefinations.Stepdef - select country
2021-Sep-02 22:44:57 PM [main] DEBUG stepdefinations.Stepdef - click on register
2021-Sep-02 22:44:57 PM [main] DEBUG stepdefinations.Stepdef - Each step hook is executed,screen shots taken
2021-Sep-02 22:45:27 PM [main] DEBUG stepdefinations.Stepdef - Each step hook is executed,screen shots taken
