2021-Sep-05 15:31:50 PM [TestNG-PoolService-1] DEBUG stepdefinations.Stepdef - Each step hook is executed,screen shots taken
2021-Sep-05 15:32:03 PM [TestNG-PoolService-4] DEBUG stepdefinations.Stepdef - initialized chrome
2021-Sep-05 15:32:03 PM [TestNG-PoolService-3] DEBUG stepdefinations.Stepdef - initialized chrome
2021-Sep-05 15:32:03 PM [TestNG-PoolService-2] DEBUG stepdefinations.Stepdef - initialized chrome
2021-Sep-05 15:32:03 PM [TestNG-PoolService-5] DEBUG stepdefinations.Stepdef - initialized chrome
2021-Sep-05 15:32:03 PM [TestNG-PoolService-0] DEBUG stepdefinations.Stepdef - initialized chrome
2021-Sep-05 15:32:05 PM [TestNG-PoolService-3] DEBUG stepdefinations.Stepdef - Maximized windows
2021-Sep-05 15:32:05 PM [TestNG-PoolService-5] DEBUG stepdefinations.Stepdef - Maximized windows
2021-Sep-05 15:32:05 PM [TestNG-PoolService-4] DEBUG stepdefinations.Stepdef - Maximized windows
2021-Sep-05 15:32:05 PM [TestNG-PoolService-0] DEBUG stepdefinations.Stepdef - Maximized windows
2021-Sep-05 15:32:05 PM [TestNG-PoolService-2] DEBUG stepdefinations.Stepdef - Maximized windows
2021-Sep-05 15:32:05 PM [TestNG-PoolService-4] DEBUG stepdefinations.Stepdef - delete all cookies
2021-Sep-05 15:32:05 PM [TestNG-PoolService-5] DEBUG stepdefinations.Stepdef - delete all cookies
2021-Sep-05 15:32:05 PM [TestNG-PoolService-5] DEBUG stepdefinations.Stepdef - Each step hook is executed,screen shots taken
2021-Sep-05 15:32:05 PM [TestNG-PoolService-4] DEBUG stepdefinations.Stepdef - Each step hook is executed,screen shots taken
2021-Sep-05 15:32:05 PM [TestNG-PoolService-0] DEBUG stepdefinations.Stepdef - delete all cookies
2021-Sep-05 15:32:05 PM [TestNG-PoolService-0] DEBUG stepdefinations.Stepdef - Each step hook is executed,screen shots taken
2021-Sep-05 15:32:05 PM [TestNG-PoolService-0] DEBUG stepdefinations.Stepdef - Each step hook is executed,screen shots taken
2021-Sep-05 15:32:05 PM [TestNG-PoolService-4] DEBUG stepdefinations.Stepdef - Each step hook is executed,screen shots taken
2021-Sep-05 15:32:05 PM [TestNG-PoolService-3] DEBUG stepdefinations.Stepdef - delete all cookies
2021-Sep-05 15:32:05 PM [TestNG-PoolService-3] DEBUG stepdefinations.Stepdef - Each step hook is executed,screen shots taken
2021-Sep-05 15:32:05 PM [TestNG-PoolService-3] DEBUG stepdefinations.Stepdef - Each step hook is executed,screen shots taken
2021-Sep-05 15:32:06 PM [TestNG-PoolService-2] DEBUG stepdefinations.Stepdef - delete all cookies
2021-Sep-05 15:32:06 PM [TestNG-PoolService-2] DEBUG stepdefinations.Stepdef - Each step hook is executed,screen shots taken
2021-Sep-05 15:32:06 PM [TestNG-PoolService-2] DEBUG stepdefinations.Stepdef - Each step hook is executed,screen shots taken
2021-Sep-05 15:32:37 PM [TestNG-PoolService-2] DEBUG stepdefinations.Stepdef - navigate to the url
2021-Sep-05 15:32:39 PM [TestNG-PoolService-5] DEBUG stepdefinations.Stepdef - navigate to the url
2021-Sep-05 15:32:47 PM [TestNG-PoolService-4] DEBUG stepdefinations.Stepdef - navigate to the url
2021-Sep-05 15:32:47 PM [TestNG-PoolService-3] DEBUG stepdefinations.Stepdef - navigate to the url
2021-Sep-05 15:32:47 PM [TestNG-PoolService-0] DEBUG stepdefinations.Stepdef - navigate to the url
2021-Sep-05 15:32:58 PM [TestNG-PoolService-2] DEBUG stepdefinations.Stepdef - clicked ok sign in button
2021-Sep-05 15:32:59 PM [TestNG-PoolService-4] DEBUG stepdefinations.Stepdef - clicked ok sign in button
2021-Sep-05 15:32:59 PM [TestNG-PoolService-5] DEBUG stepdefinations.Stepdef - clicked ok sign in button
2021-Sep-05 15:32:59 PM [TestNG-PoolService-3] DEBUG stepdefinations.Stepdef - clicked ok sign in button
2021-Sep-05 15:33:00 PM [TestNG-PoolService-0] DEBUG stepdefinations.Stepdef - clicked ok sign in button
2021-Sep-05 15:33:01 PM [TestNG-PoolService-5] DEBUG stepdefinations.Stepdef - enter email id
2021-Sep-05 15:33:01 PM [TestNG-PoolService-5] DEBUG stepdefinations.Stepdef - click on create new account button
2021-Sep-05 15:33:01 PM [TestNG-PoolService-5] DEBUG stepdefinations.Stepdef - get title from browser
2021-Sep-05 15:33:04 PM [TestNG-PoolService-3] DEBUG stepdefinations.Stepdef - Each step hook is executed,screen shots taken
2021-Sep-05 15:33:04 PM [TestNG-PoolService-2] DEBUG stepdefinations.Stepdef - Each step hook is executed,screen shots taken
2021-Sep-05 15:33:04 PM [TestNG-PoolService-4] DEBUG stepdefinations.Stepdef - Each step hook is executed,screen shots taken
2021-Sep-05 15:33:04 PM [TestNG-PoolService-0] DEBUG stepdefinations.Stepdef - Each step hook is executed,screen shots taken
2021-Sep-05 15:33:05 PM [TestNG-PoolService-3] DEBUG stepdefinations.Stepdef - enter emailsandy123456@gmail.com
2021-Sep-05 15:33:05 PM [TestNG-PoolService-0] DEBUG stepdefinations.Stepdef - enter emailsandy123456@gmail.com
2021-Sep-05 15:33:05 PM [TestNG-PoolService-4] DEBUG stepdefinations.Stepdef - enter email id
2021-Sep-05 15:33:05 PM [TestNG-PoolService-2] DEBUG stepdefinations.Stepdef - enter emailsandy123456@gmail.com
2021-Sep-05 15:33:05 PM [TestNG-PoolService-3] DEBUG stepdefinations.Stepdef - enter passwordys@1991
2021-Sep-05 15:33:05 PM [TestNG-PoolService-4] DEBUG stepdefinations.Stepdef - click on create new account button
2021-Sep-05 15:33:05 PM [TestNG-PoolService-2] DEBUG stepdefinations.Stepdef - enter passwordys@1991
2021-Sep-05 15:33:06 PM [TestNG-PoolService-0] DEBUG stepdefinations.Stepdef - enter passwordys@1991
2021-Sep-05 15:33:06 PM [TestNG-PoolService-3] DEBUG stepdefinations.Stepdef - Each step hook is executed,screen shots taken
2021-Sep-05 15:33:06 PM [TestNG-PoolService-4] DEBUG stepdefinations.Stepdef - Each step hook is executed,screen shots taken
2021-Sep-05 15:33:06 PM [TestNG-PoolService-4] DEBUG stepdefinations.Stepdef - get title from browser
2021-Sep-05 15:33:10 PM [TestNG-PoolService-3] DEBUG stepdefinations.Stepdef - click on submit button
2021-Sep-05 15:33:10 PM [TestNG-PoolService-0] DEBUG stepdefinations.Stepdef - click on submit button
2021-Sep-05 15:33:10 PM [TestNG-PoolService-3] DEBUG stepdefinations.Stepdef - Each step hook is executed,screen shots taken
2021-Sep-05 15:33:10 PM [TestNG-PoolService-2] DEBUG stepdefinations.Stepdef - click on submit button
2021-Sep-05 15:33:10 PM [TestNG-PoolService-3] DEBUG stepdefinations.Stepdef - Each step hook is executed,screen shots taken
2021-Sep-05 15:33:14 PM [TestNG-PoolService-0] DEBUG stepdefinations.Stepdef - select category T-Shirts
2021-Sep-05 15:33:14 PM [TestNG-PoolService-2] DEBUG stepdefinations.Stepdef - select category T-Shirts
2021-Sep-05 15:33:14 PM [TestNG-PoolService-2] DEBUG stepdefinations.Stepdef - Each step hook is executed,screen shots taken
2021-Sep-05 15:33:18 PM [TestNG-PoolService-0] DEBUG stepdefinations.Stepdef - click on product
2021-Sep-05 15:33:18 PM [TestNG-PoolService-0] DEBUG stepdefinations.Stepdef - Each step hook is executed,screen shots taken
2021-Sep-05 15:33:18 PM [TestNG-PoolService-2] DEBUG stepdefinations.Stepdef - click on product
2021-Sep-05 15:33:18 PM [TestNG-PoolService-2] DEBUG stepdefinations.Stepdef - Each step hook is executed,screen shots taken
2021-Sep-05 15:33:18 PM [TestNG-PoolService-2] DEBUG stepdefinations.Stepdef - click on Email send to friend link
2021-Sep-05 15:33:19 PM [TestNG-PoolService-2] DEBUG stepdefinations.Stepdef - enter friend name
2021-Sep-05 15:33:19 PM [TestNG-PoolService-0] DEBUG stepdefinations.Stepdef - Each step hook is executed,screen shots taken
2021-Sep-05 15:33:19 PM [TestNG-PoolService-2] DEBUG stepdefinations.Stepdef - enter email of friend
2021-Sep-05 15:33:19 PM [TestNG-PoolService-2] DEBUG stepdefinations.Stepdef - click on send button
2021-Sep-05 15:33:19 PM [TestNG-PoolService-2] DEBUG stepdefinations.Stepdef - Each step hook is executed,screen shots taken
2021-Sep-05 15:33:19 PM [TestNG-PoolService-0] DEBUG stepdefinations.Stepdef - Each step hook is executed,screen shots taken
2021-Sep-05 15:33:19 PM [TestNG-PoolService-0] DEBUG stepdefinations.Stepdef - Each step hook is executed,screen shots taken
2021-Sep-05 15:33:20 PM [TestNG-PoolService-2] DEBUG stepdefinations.Stepdef - open pop up box
2021-Sep-05 15:33:20 PM [TestNG-PoolService-2] DEBUG stepdefinations.Stepdef - click on ok button
2021-Sep-05 15:33:20 PM [TestNG-PoolService-2] DEBUG stepdefinations.Stepdef - Each step hook is executed,screen shots taken
2021-Sep-05 15:33:31 PM [TestNG-PoolService-5] DEBUG stepdefinations.Stepdef - Each step hook is executed,screen shots taken
2021-Sep-05 15:33:36 PM [TestNG-PoolService-4] DEBUG stepdefinations.Stepdef - Each step hook is executed,screen shots taken
2021-Sep-05 15:33:50 PM [TestNG-PoolService-0] DEBUG stepdefinations.Stepdef - Each step hook is executed,screen shots taken
