2021-Sep-04 14:09:33 PM [TestNG-PoolService-0] DEBUG stepdefinations.Stepdef - initialized chrome
2021-Sep-04 14:09:33 PM [TestNG-PoolService-0] DEBUG stepdefinations.Stepdef - Maximized windows
2021-Sep-04 14:09:34 PM [TestNG-PoolService-0] DEBUG stepdefinations.Stepdef - delete all cookies
2021-Sep-04 14:09:34 PM [TestNG-PoolService-0] DEBUG stepdefinations.Stepdef - Each step hook is executed,screen shots taken
2021-Sep-04 14:09:34 PM [TestNG-PoolService-0] DEBUG stepdefinations.Stepdef - Each step hook is executed,screen shots taken
2021-Sep-04 14:09:50 PM [TestNG-PoolService-0] DEBUG stepdefinations.Stepdef - navigate to the url
2021-Sep-04 14:10:01 PM [TestNG-PoolService-0] DEBUG stepdefinations.Stepdef - clicked ok sign in button
2021-Sep-04 14:10:02 PM [TestNG-PoolService-0] DEBUG stepdefinations.Stepdef - Each step hook is executed,screen shots taken
2021-Sep-04 14:10:11 PM [TestNG-PoolService-0] DEBUG stepdefinations.Stepdef - select category T-Shirts
2021-Sep-04 14:10:11 PM [TestNG-PoolService-0] DEBUG stepdefinations.Stepdef - Each step hook is executed,screen shots taken
2021-Sep-04 14:10:20 PM [TestNG-PoolService-0] DEBUG stepdefinations.Stepdef - click on product
2021-Sep-04 14:10:21 PM [TestNG-PoolService-0] DEBUG stepdefinations.Stepdef - Each step hook is executed,screen shots taken
2021-Sep-04 14:10:21 PM [TestNG-PoolService-0] DEBUG stepdefinations.Stepdef - click on Email send to friend link
2021-Sep-04 14:10:21 PM [TestNG-PoolService-0] DEBUG stepdefinations.Stepdef - enter friend name
2021-Sep-04 14:10:21 PM [TestNG-PoolService-0] DEBUG stepdefinations.Stepdef - enter email of friend
2021-Sep-04 14:10:21 PM [TestNG-PoolService-0] DEBUG stepdefinations.Stepdef - click on send button
2021-Sep-04 14:10:21 PM [TestNG-PoolService-0] DEBUG stepdefinations.Stepdef - Each step hook is executed,screen shots taken
2021-Sep-04 14:10:27 PM [TestNG-PoolService-0] DEBUG stepdefinations.Stepdef - open pop up box
2021-Sep-04 14:10:28 PM [TestNG-PoolService-0] DEBUG stepdefinations.Stepdef - click on ok button
2021-Sep-04 14:10:28 PM [TestNG-PoolService-0] DEBUG stepdefinations.Stepdef - Each step hook is executed,screen shots taken
