2021-Sep-02 23:05:37 PM [main] DEBUG stepdefinations.Stepdef - initialized chrome
2021-Sep-02 23:05:37 PM [main] DEBUG stepdefinations.Stepdef - Maximized windows
2021-Sep-02 23:05:37 PM [main] DEBUG stepdefinations.Stepdef - delete all cookies
2021-Sep-02 23:05:37 PM [main] DEBUG stepdefinations.Stepdef - Each step hook is executed,screen shots taken
2021-Sep-02 23:05:37 PM [main] DEBUG stepdefinations.Stepdef - Each step hook is executed,screen shots taken
2021-Sep-02 23:05:48 PM [main] DEBUG stepdefinations.Stepdef - navigate to the url
2021-Sep-02 23:05:52 PM [main] DEBUG stepdefinations.Stepdef - clicked ok sign in button
2021-Sep-02 23:05:52 PM [main] DEBUG stepdefinations.Stepdef - Each step hook is executed,screen shots taken
2021-Sep-02 23:05:53 PM [main] DEBUG stepdefinations.Stepdef - enter email id
2021-Sep-02 23:05:53 PM [main] DEBUG stepdefinations.Stepdef - click on create new account button
2021-Sep-02 23:05:53 PM [main] DEBUG stepdefinations.Stepdef - Each step hook is executed,screen shots taken
2021-Sep-02 23:05:53 PM [main] DEBUG stepdefinations.Stepdef - get title from browser
2021-Sep-02 23:05:55 PM [main] DEBUG stepdefinations.Stepdef - result should be display
2021-Sep-02 23:05:55 PM [main] DEBUG stepdefinations.Stepdef - Each step hook is executed,screen shots taken
2021-Sep-02 23:05:57 PM [main] DEBUG stepdefinations.Stepdef - initialized chrome
2021-Sep-02 23:05:58 PM [main] DEBUG stepdefinations.Stepdef - Maximized windows
2021-Sep-02 23:05:59 PM [main] DEBUG stepdefinations.Stepdef - delete all cookies
2021-Sep-02 23:05:59 PM [main] DEBUG stepdefinations.Stepdef - Each step hook is executed,screen shots taken
2021-Sep-02 23:06:08 PM [main] DEBUG stepdefinations.Stepdef - navigate to the url
2021-Sep-02 23:06:11 PM [main] DEBUG stepdefinations.Stepdef - clicked ok sign in button
2021-Sep-02 23:06:11 PM [main] DEBUG stepdefinations.Stepdef - enter email id
2021-Sep-02 23:06:11 PM [main] DEBUG stepdefinations.Stepdef - click on create new account button
2021-Sep-02 23:06:11 PM [main] DEBUG stepdefinations.Stepdef - get title from browser
2021-Sep-02 23:06:13 PM [main] DEBUG stepdefinations.Stepdef - result should be display
2021-Sep-02 23:06:13 PM [main] DEBUG stepdefinations.Stepdef - Each step hook is executed,screen shots taken
2021-Sep-02 23:06:14 PM [main] DEBUG stepdefinations.Stepdef - Each step hook is executed,screen shots taken
2021-Sep-02 23:06:14 PM [main] DEBUG stepdefinations.Stepdef - Each step hook is executed,screen shots taken
2021-Sep-02 23:06:15 PM [main] DEBUG stepdefinations.Stepdef - Each step hook is executed,screen shots taken
2021-Sep-02 23:06:16 PM [main] DEBUG stepdefinations.Stepdef - Each step hook is executed,screen shots taken
2021-Sep-02 23:06:16 PM [main] DEBUG stepdefinations.Stepdef - select state
2021-Sep-02 23:06:16 PM [main] DEBUG stepdefinations.Stepdef - select country
2021-Sep-02 23:06:18 PM [main] DEBUG stepdefinations.Stepdef - click on register
2021-Sep-02 23:06:18 PM [main] DEBUG stepdefinations.Stepdef - Each step hook is executed,screen shots taken
2021-Sep-02 23:06:18 PM [main] DEBUG stepdefinations.Stepdef - Each step hook is executed,screen shots taken
