2021-Sep-04 14:12:34 PM [TestNG-PoolService-0] DEBUG stepdefinations.Stepdef - initialized chrome
2021-Sep-04 14:12:34 PM [TestNG-PoolService-0] DEBUG stepdefinations.Stepdef - Maximized windows
2021-Sep-04 14:12:35 PM [TestNG-PoolService-0] DEBUG stepdefinations.Stepdef - delete all cookies
2021-Sep-04 14:12:35 PM [TestNG-PoolService-0] DEBUG stepdefinations.Stepdef - Each step hook is executed,screen shots taken
2021-Sep-04 14:12:35 PM [TestNG-PoolService-0] DEBUG stepdefinations.Stepdef - Each step hook is executed,screen shots taken
2021-Sep-04 14:12:51 PM [TestNG-PoolService-0] DEBUG stepdefinations.Stepdef - navigate to the url
2021-Sep-04 14:13:04 PM [TestNG-PoolService-0] DEBUG stepdefinations.Stepdef - clicked ok sign in button
2021-Sep-04 14:13:05 PM [TestNG-PoolService-0] DEBUG stepdefinations.Stepdef - Each step hook is executed,screen shots taken
2021-Sep-04 14:13:05 PM [TestNG-PoolService-0] DEBUG stepdefinations.Stepdef - enter emailsandy123456@gmail.com
2021-Sep-04 14:13:05 PM [TestNG-PoolService-0] DEBUG stepdefinations.Stepdef - enter passwordys@1991
2021-Sep-04 14:13:12 PM [TestNG-PoolService-0] DEBUG stepdefinations.Stepdef - click on submit button
2021-Sep-04 14:13:21 PM [TestNG-PoolService-0] DEBUG stepdefinations.Stepdef - select category T-Shirts
2021-Sep-04 14:13:22 PM [TestNG-PoolService-0] DEBUG stepdefinations.Stepdef - Each step hook is executed,screen shots taken
2021-Sep-04 14:13:33 PM [TestNG-PoolService-0] DEBUG stepdefinations.Stepdef - click on product
2021-Sep-04 14:13:33 PM [TestNG-PoolService-0] DEBUG stepdefinations.Stepdef - Each step hook is executed,screen shots taken
2021-Sep-04 14:13:33 PM [TestNG-PoolService-0] DEBUG stepdefinations.Stepdef - click on Email send to friend link
2021-Sep-04 14:13:33 PM [TestNG-PoolService-0] DEBUG stepdefinations.Stepdef - enter friend name
2021-Sep-04 14:13:33 PM [TestNG-PoolService-0] DEBUG stepdefinations.Stepdef - enter email of friend
2021-Sep-04 14:13:33 PM [TestNG-PoolService-0] DEBUG stepdefinations.Stepdef - click on send button
2021-Sep-04 14:13:34 PM [TestNG-PoolService-0] DEBUG stepdefinations.Stepdef - Each step hook is executed,screen shots taken
2021-Sep-04 14:13:38 PM [TestNG-PoolService-0] DEBUG stepdefinations.Stepdef - open pop up box
2021-Sep-04 14:13:39 PM [TestNG-PoolService-0] DEBUG stepdefinations.Stepdef - click on ok button
2021-Sep-04 14:13:39 PM [TestNG-PoolService-0] DEBUG stepdefinations.Stepdef - Each step hook is executed,screen shots taken
