2021-Sep-02 22:31:54 PM [main] DEBUG stepdefinations.Stepdef - initialized chrome
2021-Sep-02 22:31:54 PM [main] DEBUG stepdefinations.Stepdef - Maximized windows
2021-Sep-02 22:31:55 PM [main] DEBUG stepdefinations.Stepdef - delete all cookies
2021-Sep-02 22:31:55 PM [main] DEBUG stepdefinations.Stepdef - Each step hook is executed,screen shots taken
2021-Sep-02 22:31:55 PM [main] DEBUG stepdefinations.Stepdef - Each step hook is executed,screen shots taken
2021-Sep-02 22:32:03 PM [main] DEBUG stepdefinations.Stepdef - navigate to the url
2021-Sep-02 22:32:06 PM [main] DEBUG stepdefinations.Stepdef - clicked ok sign in button
2021-Sep-02 22:32:06 PM [main] DEBUG stepdefinations.Stepdef - Each step hook is executed,screen shots taken
2021-Sep-02 22:32:07 PM [main] DEBUG stepdefinations.Stepdef - enter email id
2021-Sep-02 22:32:07 PM [main] DEBUG stepdefinations.Stepdef - click on create new account button
2021-Sep-02 22:32:08 PM [main] DEBUG stepdefinations.Stepdef - Each step hook is executed,screen shots taken
2021-Sep-02 22:32:08 PM [main] DEBUG stepdefinations.Stepdef - get title from browser
2021-Sep-02 22:32:09 PM [main] DEBUG stepdefinations.Stepdef - result should be display
2021-Sep-02 22:32:09 PM [main] DEBUG stepdefinations.Stepdef - Each step hook is executed,screen shots taken
2021-Sep-02 22:32:14 PM [main] DEBUG stepdefinations.Stepdef - initialized chrome
2021-Sep-02 22:32:15 PM [main] DEBUG stepdefinations.Stepdef - Maximized windows
2021-Sep-02 22:32:16 PM [main] DEBUG stepdefinations.Stepdef - delete all cookies
2021-Sep-02 22:32:16 PM [main] DEBUG stepdefinations.Stepdef - Each step hook is executed,screen shots taken
2021-Sep-02 22:32:25 PM [main] DEBUG stepdefinations.Stepdef - navigate to the url
2021-Sep-02 22:32:33 PM [main] DEBUG stepdefinations.Stepdef - clicked ok sign in button
2021-Sep-02 22:32:33 PM [main] DEBUG stepdefinations.Stepdef - enter email id
2021-Sep-02 22:32:33 PM [main] DEBUG stepdefinations.Stepdef - click on create new account button
2021-Sep-02 22:32:33 PM [main] DEBUG stepdefinations.Stepdef - get title from browser
2021-Sep-02 22:32:35 PM [main] DEBUG stepdefinations.Stepdef - result should be display
2021-Sep-02 22:32:35 PM [main] DEBUG stepdefinations.Stepdef - Each step hook is executed,screen shots taken
2021-Sep-02 22:32:36 PM [main] DEBUG stepdefinations.Stepdef - Each step hook is executed,screen shots taken
2021-Sep-02 22:32:37 PM [main] DEBUG stepdefinations.Stepdef - Each step hook is executed,screen shots taken
2021-Sep-02 22:32:37 PM [main] DEBUG stepdefinations.Stepdef - Each step hook is executed,screen shots taken
2021-Sep-02 22:32:39 PM [main] DEBUG stepdefinations.Stepdef - Each step hook is executed,screen shots taken
2021-Sep-02 22:32:39 PM [main] DEBUG stepdefinations.Stepdef - select state
2021-Sep-02 22:32:39 PM [main] DEBUG stepdefinations.Stepdef - select country
2021-Sep-02 22:32:42 PM [main] DEBUG stepdefinations.Stepdef - click on register
2021-Sep-02 22:32:42 PM [main] DEBUG stepdefinations.Stepdef - Each step hook is executed,screen shots taken
2021-Sep-02 22:33:13 PM [main] DEBUG stepdefinations.Stepdef - Each step hook is executed,screen shots taken
