2021-Sep-02 23:01:05 PM [main] DEBUG stepdefinations.Stepdef - initialized chrome
2021-Sep-02 23:01:05 PM [main] DEBUG stepdefinations.Stepdef - Maximized windows
2021-Sep-02 23:01:05 PM [main] DEBUG stepdefinations.Stepdef - delete all cookies
2021-Sep-02 23:01:05 PM [main] DEBUG stepdefinations.Stepdef - Each step hook is executed,screen shots taken
2021-Sep-02 23:01:05 PM [main] DEBUG stepdefinations.Stepdef - Each step hook is executed,screen shots taken
2021-Sep-02 23:01:14 PM [main] DEBUG stepdefinations.Stepdef - navigate to the url
2021-Sep-02 23:01:19 PM [main] DEBUG stepdefinations.Stepdef - clicked ok sign in button
2021-Sep-02 23:01:19 PM [main] DEBUG stepdefinations.Stepdef - Each step hook is executed,screen shots taken
2021-Sep-02 23:01:20 PM [main] DEBUG stepdefinations.Stepdef - enter email id
2021-Sep-02 23:01:20 PM [main] DEBUG stepdefinations.Stepdef - click on create new account button
2021-Sep-02 23:01:20 PM [main] DEBUG stepdefinations.Stepdef - Each step hook is executed,screen shots taken
2021-Sep-02 23:01:20 PM [main] DEBUG stepdefinations.Stepdef - get title from browser
2021-Sep-02 23:01:22 PM [main] DEBUG stepdefinations.Stepdef - result should be display
2021-Sep-02 23:01:22 PM [main] DEBUG stepdefinations.Stepdef - Each step hook is executed,screen shots taken
2021-Sep-02 23:01:29 PM [main] DEBUG stepdefinations.Stepdef - initialized chrome
2021-Sep-02 23:01:29 PM [main] DEBUG stepdefinations.Stepdef - Maximized windows
2021-Sep-02 23:01:30 PM [main] DEBUG stepdefinations.Stepdef - delete all cookies
2021-Sep-02 23:01:30 PM [main] DEBUG stepdefinations.Stepdef - Each step hook is executed,screen shots taken
2021-Sep-02 23:01:38 PM [main] DEBUG stepdefinations.Stepdef - navigate to the url
2021-Sep-02 23:01:41 PM [main] DEBUG stepdefinations.Stepdef - clicked ok sign in button
2021-Sep-02 23:01:41 PM [main] DEBUG stepdefinations.Stepdef - enter email id
2021-Sep-02 23:01:41 PM [main] DEBUG stepdefinations.Stepdef - click on create new account button
2021-Sep-02 23:01:41 PM [main] DEBUG stepdefinations.Stepdef - get title from browser
2021-Sep-02 23:01:43 PM [main] DEBUG stepdefinations.Stepdef - result should be display
2021-Sep-02 23:01:43 PM [main] DEBUG stepdefinations.Stepdef - Each step hook is executed,screen shots taken
2021-Sep-02 23:01:44 PM [main] DEBUG stepdefinations.Stepdef - Each step hook is executed,screen shots taken
2021-Sep-02 23:01:45 PM [main] DEBUG stepdefinations.Stepdef - Each step hook is executed,screen shots taken
2021-Sep-02 23:01:45 PM [main] DEBUG stepdefinations.Stepdef - Each step hook is executed,screen shots taken
2021-Sep-02 23:01:47 PM [main] DEBUG stepdefinations.Stepdef - Each step hook is executed,screen shots taken
2021-Sep-02 23:01:47 PM [main] DEBUG stepdefinations.Stepdef - select state
2021-Sep-02 23:01:47 PM [main] DEBUG stepdefinations.Stepdef - select country
2021-Sep-02 23:01:50 PM [main] DEBUG stepdefinations.Stepdef - click on register
2021-Sep-02 23:01:50 PM [main] DEBUG stepdefinations.Stepdef - Each step hook is executed,screen shots taken
2021-Sep-02 23:01:50 PM [main] DEBUG stepdefinations.Stepdef - Each step hook is executed,screen shots taken
